<?xml version="1.0" encoding="utf-8"?>
<!DOCTYPE html 
     PUBLIC "-//W3C//DTD XHTML 1.0 Transitional//EN"
     "http://www.w3.org/TR/xhtml1/DTD/xhtml1-transitional.dtd">
<html xmlns="http://www.w3.org/1999/xhtml" xml:lang="en">
<head>
 <meta http-equiv="content-type" content="text/html" />
 <meta name="description" content="_your description goes here_" />
 <meta name="keywords" content="_your,keywords,goes,here_" />
 <meta name="author" content="Codehaus  / Original design: Andreas Viklund - http://andreasviklund.com/" />
 <link rel="stylesheet" type="text/css" href="http://media.codehaus.org/themes/standard-green-experimental/andreas03.css" />
 <title>JRuby - Home</title>
</head>

<body>
<div id="thetop">
<a id="top"></a>
<p class="hide">Skip to: <a href="#sitemenu" accesskey="2">Site menu</a> | <a href="#maincontent" accesskey="3">Main content</a></p>
</div>

<div id="container">
<div id="main">
<div id="intro">
            <p><table class="sectionMacro" border="0" cellpadding="5" cellspacing="0" width="100%"><tbody><tr>

<td class="confluenceTd" valign="top" width="80%">
<div class="section_1"><h1><a name="LeftHeader-JRuby"></a>JRuby</h1>
<div class="section_2"><h2><a name="LeftHeader-JavapoweredRubyimplementation"></a>Java powered Ruby implementation</h2></div></div></td>

<td class="confluenceTd" valign="top" width="20%">
<p><a href="http://jruby.codehaus.org/"><img src="http://media.xircles.codehaus.org/_projects/jruby/_logos/medium.png" align="absmiddle" border="0"></img></a></p></td>
</tr></tbody></table></p>
     </div><div class="clear"></div>


<div class="shortheaderstyle" style="font-size: 1.0em">
<table id="utop_nav" style="width: 100%;padding-right: 2mm">
 <tr>
  <td align="left" valign="middle">
   <div id="ubreadcrumbs">
    <a href="/">Home</a>
       </div>
  </td>
  <td align="right" valign="middle" id="quicklinks">
       <p><a href="http://dist.codehaus.org/jruby">Download!</a> | <a href="http://wiki.jruby.org">Wiki</a> | <a href="http://jira.codehaus.org/browse/JRUBY">Issue Tracker</a> | Source (<a href="http://svn.codehaus.org/jruby/">anonymous</a>, <a href="https://svn.codehaus.org/jruby/">developer</a>, <a href="http://svn.jruby.codehaus.org/">browsable</a>) | <a href="http://xircles.codehaus.org/projects/jruby/lists">Mailing Lists</a> | <a href="/IRC" title="IRC">IRC</a> | <a href="/Contribute" title="Contribute">Contribute</a></p>
     </td>
 </tr>
</table>
</div>

 
<script type="text/javascript"><!--
google_ad_client = "pub-5267633279208525";
google_ad_width = 728;
google_ad_height = 90;
google_ad_format = "728x90_as";
google_ad_channel = "7321085054"; //unity-top
google_color_border = "FFFFFF";
google_color_bg = "FFFFFF";
google_color_link = "2266cc";
google_color_url = "2266cc";
google_color_text = "000000";
//--></script>
<script type="text/javascript"
  src="http://pagead2.googlesyndication.com/pagead/show_ads.js">
</script>

<h3 class="headerstyle" id="upage_title">
 <table style="width: 100%; padding-right: 2mm">
   <tr>
     <td align="left" valign="middle">Home</td>
     <td align="right" valign="middle"><a href="/Home?print=1"><img src="http://codehaus.org/print.gif" class="print" alt="Print" alt="Printable Version"/></a></td>
   </tr>
 </table>
</h3>

<div class="content" style="padding-top: 3mm;">
          <div class="section_1"><h1><a name="Home-JRuby"></a>JRuby</h1>

<p>JRuby is an 100% pure-Java implementation of the <a href="http://www.ruby-lang.org/en/">Ruby</a> programming language.</p>

<div class="section_2"><h2><a name="Home-Features"></a>Features</h2>

<ul>
	<li>A 1.8.6 compatible <a href="http://www.ruby-lang.org/en/">Ruby</a> interpreter written in 100% pure Java</li>
	<li>Most builtin Ruby classes provided</li>
	<li>Support for interacting with and defining java classes from within ruby</li>
	<li>Bean Scripting Framework (<a href="http://jakarta.apache.org/bsf/">BSF</a>) support</li>
	<li>Distributed under a tri-license (<a href="http://www.eclipse.org/legal/cpl-v10.html">CPL</a>/<a href="http://www.gnu.org/copyleft/gpl.html">GPL</a>/<a href="http://www.gnu.org/copyleft/lgpl.html">LGPL</a>)</li>
</ul>


</div><div class="section_2"><h2><a name="Home-Recentnews"></a>Recent news</h2>

    
                    <div class="blogSurtitle">
                <img src="http://docs.codehaus.org/images/icons/blogentry_16.gif" height="16" width="16" border="0" align="absmiddle"></img>
                <a class="blogDate" href="http://docs.codehaus.org/display/JRUBY/2009/03/16">Monday, March 16, 2009</a>
            </div>
        
        <div class="blogpost" style="margin-bottom: 30px">
            <div><a class="blogHeading" href="http://docs.codehaus.org/display/JRUBY/2009/03/16/JRuby+1.2.0+Released">JRuby 1.2.0 Released</a></div>

            <div class="pagesubheading">
                            Last changed Mar 16, 2009 15:59 by <a href="http://docs.codehaus.org/display/~enebo">Thomas E Enebo</a>
                                            </div>
                <div class="wiki-content">
                 <p>The JRuby community is pleased to announce the release of JRuby 1.2.0!</p>

<p>Homepage: <a href="http://www.jruby.org/">http://www.jruby.org/</a><br></br>
Download: <a href="http://dist.codehaus.org/jruby/">http://dist.codehaus.org/jruby/</a></p>

<p>JRuby 1.2.0 has fixed many many compatibility issues and continued to<br></br>
improve general performance.&nbsp; Due to popular demand we have a new versioning<br></br>
system.&nbsp; 1.x.y was our old number system where x was the major release and y<br></br>
was the minor release.&nbsp; Our new system just chops off the vestigial '1.' from<br></br>
the front.&nbsp; 1.3, 1.4, ..., 1.x will just be minor releases of our current<br></br>
major release.</p>

<p>Highlights:<br></br>
- Improved Ruby 1.9 support (via --1.9)<br></br>
&nbsp; - Compiler now works<br></br>
&nbsp; - Almost all of the missing 1.9 methods have been added<br></br>
- New experimental --fast flag which does more aggressive optimizations<br></br>
- Large scale compiler and runtime cleanup and performance audit<br></br>
- Parsing is 3-6x faster now.<br></br>
- Preliminary android support (Ruboto)<br></br>
- Rails pathname issue fixed on Windows<br></br>
- Major bug triage since last release<br></br>
- 1052 revisions since 1.1.6<br></br>
- 256 bugs fixed since 1.1.6</p>

<p>In addition to thanking everyone in the JRuby community who always helps us improve JRuby,<br></br>
we also want to give a special thanks to all those who gave us feedback during the release<br></br>
candidate phase.&nbsp; This helped us find a number of serious blockers.</p>

<p>***<b>Bugs fixed since RC2</b>***</p>

<p>JRUBY-3469&nbsp; &nbsp;&nbsp;&nbsp; &nbsp; JRuby 1.2.0RC1 problem with spaces in path on Windows<br></br>
JRUBY-3476&nbsp; &nbsp;&nbsp;&nbsp; &nbsp; #java_class is lost (returns nil) after singleton created<br></br>
JRUBY-3491&nbsp; &nbsp;&nbsp;&nbsp; &nbsp; NullPointerException when calling #arity on Klass.method(:new)<br></br>
JRUBY-3492&nbsp; &nbsp;&nbsp;&nbsp; &nbsp; wrong # args when calling super without args in subclass of Enumerable::Enumerator</p>

<p>***<b>Bugs fixed since RC1</b>***</p>

<p>key&nbsp;&nbsp;&nbsp;&nbsp;&nbsp;&nbsp;&nbsp;&nbsp;&nbsp;&nbsp;&nbsp;&nbsp;&nbsp; summary<br></br>
JRUBY-3455&nbsp; &nbsp;&nbsp;&nbsp; &nbsp; 1.2RC1 case - when clause evaluation does not short-circuit<br></br>
JRUBY-3456 &nbsp;&nbsp; &nbsp;rails command causes project to be created in the wrong directory<br></br>
JRUBY-3460 &nbsp;&nbsp; &nbsp;java.lang.ClassCastException: org.jruby.RubyObject building jruby-rack<br></br>
JRUBY-3461 &nbsp;&nbsp; &nbsp;Minor code conventions documentation typo<br></br>
JRUBY-3449 &nbsp;&nbsp; &nbsp;jruby-complete-1.2RC1.jar seems to break FFI<br></br>
JRUBY-3464 &nbsp;&nbsp; &nbsp;1.2.0 RC1 fails on Solaris x86_64<br></br>
JRUBY-3376 &nbsp;&nbsp; &nbsp;Need FFI platform files generated for x86_64 linux<br></br>
JRUBY-3378 &nbsp;&nbsp; &nbsp;JRuby needs a new release of JFFI<br></br>
JRUBY-3466 &nbsp;&nbsp; &nbsp;NPE at org.jruby.runtime.callsite.RespondToCallSite.isCacheInvalid<br></br>
JRUBY-3467 &nbsp;&nbsp; &nbsp;bug with *one* extra space on shebang with jruby-1.2rc1<br></br>
JRUBY-2795 &nbsp;&nbsp; &nbsp;Process.setpriority failure in rubyspecs on Mac OS X, Soylatte<br></br>
JRUBY-3370 &nbsp;&nbsp; &nbsp;Need Constantine release for JRuby 1.2<br></br>
JRUBY-3402 &nbsp;&nbsp; &nbsp;extract command still tries to run but fails; remove entirely or fix<br></br>
JRUBY-3457 &nbsp;&nbsp; &nbsp;ast script is not making it into the dist packages<br></br>
JRUBY-3447 &nbsp;&nbsp; &nbsp;Rails console gets stuck on "quit"<br></br>
JRUBY-3451 &nbsp;&nbsp; &nbsp;Random method undefined error after change in r.8491<br></br>
JRUBY-3448 &nbsp;&nbsp; &nbsp;UNIXSocket file descriptor leak<br></br>
JRUBY-3424 &nbsp;&nbsp; &nbsp;File.expand_path does not correctly follow directory changes from Dir.chdir<br></br>
JRUBY-3450 &nbsp;&nbsp; &nbsp;Problem with jitting ruby block in JRuby 1.2 RC1<br></br>
JRUBY-3444 &nbsp;&nbsp; &nbsp;Multi-line string interpolation parses under MRI but gives a parse error on JRuby</p>

<p>***<b>Bugs fixed since 1.1.6</b>***</p>

<p>Key &nbsp;&nbsp;&nbsp; &nbsp; Summary<br></br>
JRUBY-414&nbsp; &nbsp;&nbsp;&nbsp; &nbsp; Serialization of wrapped Java objects could be handled as user-marshalled data by Marshal<br></br>
JRUBY-551 &nbsp;&nbsp; &nbsp;JRUBY-549<br></br>
bfts test_file_test failures<br></br>
JRUBY-750 &nbsp;&nbsp; &nbsp;defineAlias reports original name and not aliased one in stack traces<br></br>
JRUBY-852 &nbsp;&nbsp; &nbsp;jirb exits on ESC followed by any arrow key followed by return<br></br>
JRUBY-1079 &nbsp;&nbsp; &nbsp;IO.sysopen not defined<br></br>
JRUBY-1201 &nbsp;&nbsp; &nbsp;TCPSocket.new(dest_adrr, dest_port, src_addr, src_port) missing from JRuby<br></br>
JRUBY-1235 &nbsp;&nbsp; &nbsp;DRb hangs when transferring Ruby objects created in Java<br></br>
JRUBY-1401 &nbsp;&nbsp; &nbsp;Pathname#realpath fails for Windows drive letters<br></br>
JRUBY-1470 &nbsp;&nbsp; &nbsp;FileTest methods only work with string arguments<br></br>
JRUBY-1555 &nbsp;&nbsp; &nbsp;DST bug in second form of Time.local<br></br>
JRUBY-1576 &nbsp;&nbsp; &nbsp;multi-byte character encoding probrem<br></br>
JRUBY-1606 &nbsp;&nbsp; &nbsp;File.expand_path does not work as expected<br></br>
JRUBY-1639 &nbsp;&nbsp; &nbsp;Exception when stopping WEBrick running the new rails application<br></br>
JRUBY-1803 &nbsp;&nbsp; &nbsp;Support Ruby 1.9 M17N strings<br></br>
JRUBY-1853 &nbsp;&nbsp; &nbsp;define_method methods do not display the correct stack trace, may not be using frame safely<br></br>
JRUBY-1854 &nbsp;&nbsp; &nbsp;def is almost 3x slower in JRuby<br></br>
JRUBY-1855 &nbsp;&nbsp; &nbsp;EOF handling in case of reading program from standard input<br></br>
JRUBY-1872 &nbsp;&nbsp; &nbsp;next statement should return the argument passed, not nil<br></br>
JRUBY-1884 &nbsp;&nbsp; &nbsp;handling of file close while reading differs from mri<br></br>
JRUBY-1950 &nbsp;&nbsp; &nbsp;-i flag not supported<br></br>
JRUBY-2003 &nbsp;&nbsp; &nbsp;rexml pretty printing wrap() error<br></br>
JRUBY-2040 &nbsp;&nbsp; &nbsp;new samples/jnlp dir: includes both unsigned and signed examples that work in Java 1.5 and 1.6<br></br>
JRUBY-2108 &nbsp;&nbsp; &nbsp;IOWaitLibrary ready? returns nil when ready<br></br>
JRUBY-2120 &nbsp;&nbsp; &nbsp;Wrong stacktraces from exceptions about wrong number of arguments<br></br>
JRUBY-2131 &nbsp;&nbsp; &nbsp;Select with nil arrays should throw an exception<br></br>
JRUBY-2139 &nbsp;&nbsp; &nbsp;jruby.compile.frameless=true cause "Superclass method 'initialize' disabled."<br></br>
JRUBY-2168 &nbsp;&nbsp; &nbsp;test_io (test_copy_dev_null) fails under WinXP<br></br>
JRUBY-2170 &nbsp;&nbsp; &nbsp;Very unverbose message when problem with native library exists<br></br>
JRUBY-2174 &nbsp;&nbsp; &nbsp;Method#to_proc.call invocations much slower than normal Method#call invocations<br></br>
JRUBY-2180 &nbsp;&nbsp; &nbsp;break performance is slower than MRI, sometimes slower than interpreted<br></br>
JRUBY-2211 &nbsp;&nbsp; &nbsp;SNMP Requests does not timeout properly<br></br>
JRUBY-2252 &nbsp;&nbsp; &nbsp;Kernel#exec should not raise SystemExit<br></br>
JRUBY-2262 &nbsp;&nbsp; &nbsp;Java toString() mapping to invoke(... to_s ...).toString() doesn<br></br>
JRUBY-2264 &nbsp;&nbsp; &nbsp;Include Nailgun in release binary packages<br></br>
JRUBY-2285 &nbsp;&nbsp; &nbsp;Regression: rubyspec run with -V option breaks JRuby<br></br>
JRUBY-2288 &nbsp;&nbsp; &nbsp;UDP locking problems when receiving from multiple senders on same port<br></br>
JRUBY-2296 &nbsp;&nbsp; &nbsp;convertToRuby does not work if to_s does not return a String (but for example nil)<br></br>
JRUBY-2305 &nbsp;&nbsp; &nbsp;File output cuts off at a certain point?<br></br>
JRUBY-2307 &nbsp;&nbsp; &nbsp;DRb from MRI server to JRuby client fails with long messages<br></br>
JRUBY-2326 &nbsp;&nbsp; &nbsp;Invalid cast during parsing of recursive.rb in facelets-2.3.0 (org.jruby.ast.YieldNode cannot be cast to org.jruby.ast.BlockAcceptingNode)<br></br>
JRUBY-2328 &nbsp;&nbsp; &nbsp;Overriding require causes eval to give wrong _<em>FILE</em>_ in certain circumstances<br></br>
JRUBY-2333 &nbsp;&nbsp; &nbsp;usage of unexistant variable in REXML::SourceFactory<br></br>
JRUBY-2346 &nbsp;&nbsp; &nbsp;Nailgun does not compile under HP-UX<br></br>
JRUBY-2353 &nbsp;&nbsp; &nbsp;Process.kill breaks up JRuby, while works in MRI on Windows<br></br>
JRUBY-2369 &nbsp;&nbsp; &nbsp;'ant spec' failures on on MacOS<br></br>
JRUBY-2389 &nbsp;&nbsp; &nbsp;java.util.ConcurrentModificationException<br></br>
JRUBY-2410 &nbsp;&nbsp; &nbsp;Multiple assignment could be made faster by not returning unused array<br></br>
JRUBY-2424 &nbsp;&nbsp; &nbsp;running with -rprofile with multithreaded test causes NPE<br></br>
JRUBY-2426 &nbsp;&nbsp; &nbsp;JRuby trunk does not build with IBM JVM 1.5<br></br>
JRUBY-2435 &nbsp;&nbsp; &nbsp;Aliasing eval and other "special" methods should display a warning<br></br>
JRUBY-2455&nbsp; &nbsp;&nbsp;&nbsp; &nbsp; "jruby" script failed to find JRUBY_HOME leads to class not found<br></br>
JRUBY-2484 &nbsp;&nbsp; &nbsp;unicode symbol not supported as in MRI<br></br>
JRUBY-2504 &nbsp;&nbsp; &nbsp;JAR URLs are inconsistently supported by APIs that access the filesystem<br></br>
JRUBY-2506 &nbsp;&nbsp; &nbsp;Marshal/IO.eof bug<br></br>
JRUBY-2518 &nbsp;&nbsp; &nbsp;Dir["some glob"] doesn't work for files inside a jar<br></br>
JRUBY-2521 &nbsp;&nbsp; &nbsp;Compilation Warning for Sun proprietary API using<br></br>
JRUBY-2522 &nbsp;&nbsp; &nbsp;Can not execute JRuby 1.1.1 "ant test" with IBM JDK<br></br>
JRUBY-2542 &nbsp;&nbsp; &nbsp;DATA.flock causes ClassCastException<br></br>
JRUBY-2545 &nbsp;&nbsp; &nbsp;Recursively locking on a mutex results in deadlock<br></br>
JRUBY-2548 &nbsp;&nbsp; &nbsp;JRuby conversion of String to Java String is arcane<br></br>
JRUBY-2557 &nbsp;&nbsp; &nbsp;NPE when yielding method<br></br>
JRUBY-2603 &nbsp;&nbsp; &nbsp;Couple of new rubyspec failures for URI library<br></br>
JRUBY-2655 &nbsp;&nbsp; &nbsp;TCPSocket.new('localhost', 2001) connects on the wrong interface<br></br>
JRUBY-2661 &nbsp;&nbsp; &nbsp;specs hang under Apple Java 5<br></br>
JRUBY-2672 &nbsp;&nbsp; &nbsp;BasicSocket#close_read and #close_write not working<br></br>
JRUBY-2675 &nbsp;&nbsp; &nbsp;jirb + jline do not work in cygwin<br></br>
JRUBY-2699 &nbsp;&nbsp; &nbsp;If user's PATH contains '.' and 'jruby' resolves to './jruby', JRUBY_HOME is incorrectly set to '.', leading to 'NoClassDefFoundError'<br></br>
JRUBY-2727 &nbsp;&nbsp; &nbsp;ActiveScaffold 1.1.1 fails with JRuby 1.1.2, probable path problem<br></br>
JRUBY-2732 &nbsp;&nbsp; &nbsp;org.jruby.util.RubyInputStream is unused<br></br>
JRUBY-2757 &nbsp;&nbsp; &nbsp;Compiled argument processing and arity checking are too large, too much bytecode<br></br>
JRUBY-2759 &nbsp;&nbsp; &nbsp;Time Zone "MET" maps to Asia/Tehran<br></br>
JRUBY-2761 &nbsp;&nbsp; &nbsp;Thread#wakeup fails when sleep is called with a parameter<br></br>
JRUBY-2772 &nbsp;&nbsp; &nbsp;Zlib::Deflate doesn't appear to deflate<br></br>
JRUBY-2782 &nbsp;&nbsp; &nbsp;"No such file or directory (IOError)" when JAR file named in java.class.path but not active filesystem<br></br>
JRUBY-2788 &nbsp;&nbsp; &nbsp;Make Time.now monotonically increasing<br></br>
JRUBY-2794 &nbsp;&nbsp; &nbsp;Failure in String#crypt specs, Mac OS X, Soylatte<br></br>
JRUBY-2796 &nbsp;&nbsp; &nbsp;Missing constant in Process::Constants on Mac OS X (darwin)<br></br>
JRUBY-2797 &nbsp;&nbsp; &nbsp;File.expand_path rubyspec failure on Mac OS X, Soylatte<br></br>
JRUBY-2802 &nbsp;&nbsp; &nbsp;JRuby wrapped Java objects formerly exposed readers for non-public fields<br></br>
JRUBY-2804 &nbsp;&nbsp; &nbsp;IO.popen of 'yes' process hangs on close<br></br>
JRUBY-2815 &nbsp;&nbsp; &nbsp;System triggered from inside of tracing behaves oddly<br></br>
JRUBY-2817 &nbsp;&nbsp; &nbsp;File.chown works with 64bit JDK, but raises NotImplementedError on 32 bit JDK<br></br>
JRUBY-2820 &nbsp;&nbsp; &nbsp;Most Etc methods behave diferently on Windows under x32 and x64 JVMs<br></br>
JRUBY-2826 &nbsp;&nbsp; &nbsp;Array#pack('w') is broken (exceptions and wrong results)<br></br>
JRUBY-2830 &nbsp;&nbsp; &nbsp;String#unpack with 'w' is completely unimplemented<br></br>
JRUBY-2845 &nbsp;&nbsp; &nbsp;-S switch breaks if you have directory in pwd matching name of file in bin/PATH<br></br>
JRUBY-2846 &nbsp;&nbsp; &nbsp;gem generate_index broken<br></br>
JRUBY-2849 &nbsp;&nbsp; &nbsp;CCE using proc{} in AR callbacks<br></br>
JRUBY-2855 &nbsp;&nbsp; &nbsp;Classpath search order is not respected by require when classpath includes both jars and directories<br></br>
JRUBY-2858 &nbsp;&nbsp; &nbsp;test_file.rb::test_opening_readonly_file_for_write_raises_eacces() fails with "IOError: Permission denied" on FreeBSD 7.0 amd64 + java 1.6.0_07<br></br>
JRUBY-2861 &nbsp;&nbsp; &nbsp;Cannot call super inside a method that overrides a protected method on Java base class<br></br>
JRUBY-2868 &nbsp;&nbsp; &nbsp;ThreadService.getRubyThreadFromThread supports only one non-rubynative thread at a time.<br></br>
JRUBY-2896 &nbsp;&nbsp; &nbsp;jruby -S picks up script from local directory<br></br>
JRUBY-2898 &nbsp;&nbsp; &nbsp;Exception trying to use BSF (java.lang.NoClassDefFoundError: org/apache/bsf/util/BSFEngineImp)<br></br>
JRUBY-2901 &nbsp;&nbsp; &nbsp;JRuby does not support options in shebang line<br></br>
JRUBY-2917 &nbsp;&nbsp; &nbsp;Missing peephole optimizations in parser, compiler<br></br>
JRUBY-2921 &nbsp;&nbsp; &nbsp;Newly overridden methods are not called if the old superclass method has already been called<br></br>
JRUBY-2933 &nbsp;&nbsp; &nbsp;Ruby runtimes are pinned to memory due to ChannelStream<br></br>
JRUBY-2941 &nbsp;&nbsp; &nbsp;popen IO lockup with multiple threads<br></br>
JRUBY-2950 &nbsp;&nbsp; &nbsp;Net::IMAP#authenticate stalls / blocks in recent versions of JRuby<br></br>
JRUBY-2951&nbsp; &nbsp;&nbsp;&nbsp; &nbsp; repeated popen call may throw NULL pointer exception<br></br>
JRUBY-2970 &nbsp;&nbsp; &nbsp;Timeout.rb is not working in special cases (Thread may block whole application).<br></br>
JRUBY-2974 &nbsp;&nbsp; &nbsp;multi-byte exception message turned into garbled characters when Java Exception nested NativeException.<br></br>
JRUBY-2979 &nbsp;&nbsp; &nbsp;File#getc fails on illegal seek when reading from /dev/ttyS0 on Linux<br></br>
JRUBY-2981 &nbsp;&nbsp; &nbsp;alias_method_chain pattern is extremely show on jruby<br></br>
JRUBY-2982 &nbsp;&nbsp; &nbsp;Unicode regular expressions by UTF-8 don't work<br></br>
JRUBY-2988 &nbsp;&nbsp; &nbsp;jirb does not echo characters to the terminal after suspend and resume in the shell<br></br>
JRUBY-2997 &nbsp;&nbsp; &nbsp;Dir[] results in NPE depending on permissions<br></br>
JRUBY-2999 &nbsp;&nbsp; &nbsp;Regression: Inheriting method with same name from two Java interfaces causes Java classloader error<br></br>
JRUBY-3000 &nbsp;&nbsp; &nbsp;integration issues with Java classes containing inner classes<br></br>
JRUBY-3003 &nbsp;&nbsp; &nbsp;ArrayStoreException in compiler when calling Array.fill<br></br>
JRUBY-3005 &nbsp;&nbsp; &nbsp;Stomp gem hangs in Stomp::Client#subscribe<br></br>
JRUBY-3007 &nbsp;&nbsp; &nbsp;Message method value of Exception is missing in Java when exception raised in ruby<br></br>
JRUBY-3011 &nbsp;&nbsp; &nbsp;java classes with non-public constructors are incorrectly instantiated<br></br>
JRUBY-3017 &nbsp;&nbsp; &nbsp;DRb "premature header" error on JRuby client<br></br>
JRUBY-3035 &nbsp;&nbsp; &nbsp;Get Rails tests running in a CI server somewhere before 1.1.6 release, to ensure no future breakages<br></br>
JRUBY-3038 &nbsp;&nbsp; &nbsp;Unable to insert YAML into t.text field (behavior different from Ruby 1.8.6)<br></br>
JRUBY-3054 &nbsp;&nbsp; &nbsp;Thread#status is "run" when thread is blocking on condition variable<br></br>
JRUBY-3055 &nbsp;&nbsp; &nbsp;permission javax.management.MBeanServerPermission "createMBeanServer";<br></br>
JRUBY-3061 &nbsp;&nbsp; &nbsp;NKF(unsupported Q encode stream)<br></br>
JRUBY-3065 &nbsp;&nbsp; &nbsp;New public LoadService#findFileToLoad method<br></br>
JRUBY-3071 &nbsp;&nbsp; &nbsp;Illegal seek error trying to read() from pipe<br></br>
JRUBY-3073 &nbsp;&nbsp; &nbsp;JRuby script engine does not load on IBM JDK<br></br>
JRUBY-3076 &nbsp;&nbsp; &nbsp;RubyUDPSocket.send tries to do inet address lookup, pauses too long for inet6 failure<br></br>
JRUBY-3077 &nbsp;&nbsp; &nbsp;Update ruby_test tests and incorporate changes into build<br></br>
JRUBY-3085 &nbsp;&nbsp; &nbsp;Add constant caching for Colon2 and Colon3 (specific module and Object cases)<br></br>
JRUBY-3088 &nbsp;&nbsp; &nbsp;"RStone" port of PyStone is slower on JRuby than 1.9<br></br>
JRUBY-3089 &nbsp;&nbsp; &nbsp;Digest::Base stores in memory all bytes passed to the digest, causing OutOfMemoryError<br></br>
JRUBY-3103 &nbsp;&nbsp; &nbsp;Compiler closures use two different binding mechanisms, need better construction and caching logic<br></br>
JRUBY-3109 &nbsp;&nbsp; &nbsp;Update stdlib to an appropriate 1.8.6 patchlevel<br></br>
JRUBY-3116 &nbsp;&nbsp; &nbsp;ArrayIndexOutOfBoundsException in tmail<br></br>
JRUBY-3120 &nbsp;&nbsp; &nbsp;Regression: error serializing array of objects with custom to_yaml def to yaml<br></br>
JRUBY-3125 &nbsp;&nbsp; &nbsp;Some Socket constants not supported.<br></br>
JRUBY-3127 &nbsp;&nbsp; &nbsp;Inconsistent DynamicScope instances in evalScriptlet<br></br>
JRUBY-3128 &nbsp;&nbsp; &nbsp;Different jruby behaviour that ruby 1.8.6/1.8.7/1.9 when running file that is named as one of required file.<br></br>
JRUBY-3142 &nbsp;&nbsp; &nbsp;Dir.pwd correctly displays dirs with unicode characters in them<br></br>
JRUBY-3146 &nbsp;&nbsp; &nbsp;Time#_dump RubySpec failures<br></br>
JRUBY-3147 &nbsp;&nbsp; &nbsp;Time#_load RubySpec failures<br></br>
JRUBY-3148 &nbsp;&nbsp; &nbsp;Array#fill spec failures<br></br>
JRUBY-3152 &nbsp;&nbsp; &nbsp;Process.times returns invalid values<br></br>
JRUBY-3158 &nbsp;&nbsp; &nbsp;Wrong ruby methods called on object of same class from Java code.<br></br>
JRUBY-3160 &nbsp;&nbsp; &nbsp;REXML returns error for add_attribute<br></br>
JRUBY-3174 &nbsp;&nbsp; &nbsp;FFI MemoryPointer#get_string(0, x) gets confused by null byte in the buffer<br></br>
JRUBY-3175 &nbsp;&nbsp; &nbsp;Cloning java byte array returns incorrect object<br></br>
JRUBY-3177 &nbsp;&nbsp; &nbsp;ConcurrentModificationException<br></br>
JRUBY-3178 &nbsp;&nbsp; &nbsp;http spec tests fail when webrick starts on address 0.0.0.0<br></br>
JRUBY-3179 &nbsp;&nbsp; &nbsp;JRuby can't handle do/end blocks within String-inlined expressions<br></br>
JRUBY-3180 &nbsp;&nbsp; &nbsp;Class in default package can't be reopened under Java namespace<br></br>
JRUBY-3187 &nbsp;&nbsp; &nbsp;JRuby command line scripts do not work with spaces in the path<br></br>
JRUBY-3190 &nbsp;&nbsp; &nbsp;method `module_eval' for main:Object should be undefined?<br></br>
JRUBY-3204&nbsp; &nbsp;&nbsp;&nbsp; &nbsp; IO.read and IO.readlines do not take a block<br></br>
JRUBY-3207 &nbsp;&nbsp; &nbsp;super error message is inaccurate when superclass doesn't implement method.<br></br>
JRUBY-3208 &nbsp;&nbsp; &nbsp;ant task api-docs runs out of memory, patch included<br></br>
JRUBY-3211 &nbsp;&nbsp; &nbsp;builder library is slower in JRuby than in MRI<br></br>
JRUBY-3214 &nbsp;&nbsp; &nbsp;load and require don't work correctly for .class files<br></br>
JRUBY-3217 &nbsp;&nbsp; &nbsp;Memory Leak with Adopted Threads<br></br>
JRUBY-3218 &nbsp;&nbsp; &nbsp;Import is sometimes confused by unquoted class name<br></br>
JRUBY-3221 &nbsp;&nbsp; &nbsp;Rubinius -bad instanceof tests in RubiniusMachine for attempt at fast path evaluation<br></br>
JRUBY-3224 &nbsp;&nbsp; &nbsp;Array#to_java with java object reference doesn't carry over object identity<br></br>
JRUBY-3226 &nbsp;&nbsp; &nbsp;Including more than one java interface stops Test::Unit execution<br></br>
JRUBY-3232 &nbsp;&nbsp; &nbsp;Zlib::GzipReader.each_line yields compressed data<br></br>
JRUBY-3233 &nbsp;&nbsp; &nbsp;JRuby with Rails 2.2.2 unable to instantiate a java class<br></br>
JRUBY-3234 &nbsp;&nbsp; &nbsp;Difference in require behaviour with MRI with ".rb" suffix<br></br>
JRUBY-3238 &nbsp;&nbsp; &nbsp;Jruby 1.1.7 still leaking weakreferences<br></br>
JRUBY-3242 &nbsp;&nbsp; &nbsp;Performance degradation on write operations<br></br>
JRUBY-3244 &nbsp;&nbsp; &nbsp;[PATCH] Support atime updates via utime<br></br>
JRUBY-3248 &nbsp;&nbsp; &nbsp;jruby can't load file produced with jrubyc<br></br>
JRUBY-3250 &nbsp;&nbsp; &nbsp;test_java_pkcs7.rb - Problem coercing Bignum into class java.math.BigInteger<br></br>
JRUBY-3251 &nbsp;&nbsp; &nbsp;ConcurrencyError bug when installing Merb on JRuby<br></br>
JRUBY-3253 &nbsp;&nbsp; &nbsp;Lack of default jruby.home in embedded usage causes NPE<br></br>
JRUBY-3254 &nbsp;&nbsp; &nbsp;Make JRuby's Time#local behave more like MRI<br></br>
JRUBY-3255 &nbsp;&nbsp; &nbsp;jruby -S script/server fails in Rails application<br></br>
JRUBY-3257 &nbsp;&nbsp; &nbsp;RaiseException#printStrackTrace doesn't deal well with nil messages<br></br>
JRUBY-3262 &nbsp;&nbsp; &nbsp;JRuby 1.1.6 regression: ClassFormatError if Ruby superclass of Ruby class implements super-interface of Java interface<br></br>
JRUBY-3267 &nbsp;&nbsp; &nbsp;patch attached to update eclipse .classpath to refer to bytelist-1.0.1.jar<br></br>
JRUBY-3269 &nbsp;&nbsp; &nbsp;SystemStackError with YAML.dump<br></br>
JRUBY-3270 &nbsp;&nbsp; &nbsp;using activerecord 'to_xml' method crashes JRuby (and debugger)<br></br>
JRUBY-3274 &nbsp;&nbsp; &nbsp;Many new Array#pack failures in updated RubySpecs<br></br>
JRUBY-3275 &nbsp;&nbsp; &nbsp;New ARGF spec failures<br></br>
JRUBY-3276 &nbsp;&nbsp; &nbsp;New IO#readpartial and IO#seek spec failures<br></br>
JRUBY-3277 &nbsp;&nbsp; &nbsp;Constant lookup should omit topmost lexical scope; not bail out on first Object-hosting lexical scope<br></br>
JRUBY-3280 &nbsp;&nbsp; &nbsp;patch attached to update eclipse .classpath to add new jars in build_lib/<br></br>
JRUBY-3287 &nbsp;&nbsp; &nbsp;Add public RubyInstanceConfig#setCompatVersion<br></br>
JRUBY-3289 &nbsp;&nbsp; &nbsp;ArgumentError: dump format error() when unmarshalling Rails session and EOFError when unmarshalling hash with containing value of type ActionController::Flash::FlashHash<br></br>
JRUBY-3290 &nbsp;&nbsp; &nbsp;Float range to restrictive in FFI code<br></br>
JRUBY-3296 &nbsp;&nbsp; &nbsp;Etc.getpwuid should raise TypeError if invalid type<br></br>
JRUBY-3298 &nbsp;&nbsp; &nbsp;Kernel.srand calls #to_i on number<br></br>
JRUBY-3303 &nbsp;&nbsp; &nbsp;[1.9] splat of array at front of assignment broken (same for other grammatical constructs)<br></br>
JRUBY-3305 &nbsp;&nbsp; &nbsp;Fixnums &amp; Floats should be coerced to the narrowest java.lang.Number when passed to a java method that expects Object<br></br>
JRUBY-3307 &nbsp;&nbsp; &nbsp;tempfile.rb sucks in JRuby<br></br>
JRUBY-3308 &nbsp;&nbsp; &nbsp;Deadlock between RubyModule.includeModule() and RubyClass.invalidateCacheDescendants()<br></br>
JRUBY-3310 &nbsp;&nbsp; &nbsp;Race condition in JRuby when Active Support is overriding Kernel.require<br></br>
JRUBY-3314 &nbsp;&nbsp; &nbsp;Pull in final 1.9.1 stdlib when released<br></br>
JRUBY-3316 &nbsp;&nbsp; &nbsp;Group expression class path fails to parse<br></br>
JRUBY-3317 &nbsp;&nbsp; &nbsp;require "tempfile"; Dir.tmpdir fails<br></br>
JRUBY-3318 &nbsp;&nbsp; &nbsp;If 'jruby' executable is a relative symlink, JRuby won't start<br></br>
JRUBY-3324 &nbsp;&nbsp; &nbsp;Error in string encoding conversion<br></br>
JRUBY-3328 &nbsp;&nbsp; &nbsp;Incorrect behavior for case/when when true or false are the first conditions<br></br>
JRUBY-3329 &nbsp;&nbsp; &nbsp;Major divergence in threading behaviour between Ruby 1.8.6 and JRuby 1.1.6<br></br>
JRUBY-3331 &nbsp;&nbsp; &nbsp;to_f near Float::MAX<br></br>
JRUBY-3332&nbsp; &nbsp;&nbsp;&nbsp; &nbsp; ConcurrentModificationException In Application Startup<br></br>
JRUBY-3339 &nbsp;&nbsp; &nbsp;java.lang.ArrayIndexOutOfBoundsException in RubyArray.java<br></br>
JRUBY-3340 &nbsp;&nbsp; &nbsp;String#unpack('m') fails with ArrayIndexOutOfBoundsException<br></br>
JRUBY-3351 &nbsp;&nbsp; &nbsp;Tempfile defaults to a directory that does not exist on Windows<br></br>
JRUBY-3360 &nbsp;&nbsp; &nbsp;Pure-Java tempfile does not use a #make_tmpname callback<br></br>
JRUBY-3361 &nbsp;&nbsp; &nbsp;Compiled case/when blows up with arrays as when clauses<br></br>
JRUBY-3362 &nbsp;&nbsp; &nbsp;attr_accessor, attr_reader, attr_writer, and attr not obeying visibility<br></br>
JRUBY-3363 &nbsp;&nbsp; &nbsp;OutOfMemoryError when using soap4r on jruby 1.1.6<br></br>
JRUBY-3365 &nbsp;&nbsp; &nbsp;Objects with custom to_yaml methods break collection to_yaml<br></br>
JRUBY-3366 &nbsp;&nbsp; &nbsp;Faulty marshalling error blows up in ActiveSupport<br></br>
JRUBY-3367 &nbsp;&nbsp; &nbsp;Dir.glob processes nested braces incorrectly<br></br>
JRUBY-3372 &nbsp;&nbsp; &nbsp;[PATCH] FFI: passing nil for a declared string parameter blows up<br></br>
JRUBY-3373 &nbsp;&nbsp; &nbsp;[PATCH] FFI: assigning Struct to a pointer fails<br></br>
JRUBY-3374 &nbsp;&nbsp; &nbsp;[PATCH] FFI::ManagedStruct instantiated objects are of the wrong class<br></br>
JRUBY-3375 &nbsp;&nbsp; &nbsp;'attr' implementation is incompatible with MRI 1.9.1 behavior<br></br>
JRUBY-3377 &nbsp;&nbsp; &nbsp;Need FFI platform files generated for x86_64 darwin<br></br>
JRUBY-3386 &nbsp;&nbsp; &nbsp;Array#eql? rubyspec failure<br></br>
JRUBY-3387 &nbsp;&nbsp; &nbsp;Array#== rubyspec failure<br></br>
JRUBY-3390 &nbsp;&nbsp; &nbsp;RubySpec: Numeric#coerce calls #to_f to convert other if self responds to #to_f<br></br>
JRUBY-3392 &nbsp;&nbsp; &nbsp;RubySpec: Thread.stop resets Thread.critical to false<br></br>
JRUBY-3397 &nbsp;&nbsp; &nbsp;defined? CONST is not following proper constant lookup rules<br></br>
JRUBY-3398 &nbsp;&nbsp; &nbsp;Attributes defined from Java tried to use current frame for visibility<br></br>
JRUBY-3405 &nbsp;&nbsp; &nbsp;popen breaks input channel for IRB<br></br>
JRUBY-3407 &nbsp;&nbsp; &nbsp;FFI Stack Level Too Deep on Library.send(:method, args)<br></br>
JRUBY-3408 &nbsp;&nbsp; &nbsp;FFI non-string args for methods are turned into strings anyway<br></br>
JRUBY-3410 &nbsp;&nbsp; &nbsp;Add -y flag to debug the parser<br></br>
JRUBY-3411 &nbsp;&nbsp; &nbsp;JRuby does not build or run on AIX due to exceptions in org.jruby.ext.ffi.Platform<br></br>
JRUBY-3420 &nbsp;&nbsp; &nbsp;[PATCH] Added basic_word_break_characters method to Readline<br></br>
JRUBY-3432 &nbsp;&nbsp; &nbsp;String#hash needs to be made encoding-aware<br></br>
JRUBY-3436 &nbsp;&nbsp; &nbsp;[PATCH] FFI should allow passing nil as a callback parameter<br></br>
JRUBY-3437 &nbsp;&nbsp; &nbsp;pid-returning methods should make a best effort to get a real pid<br></br>
JRUBY-3439 &nbsp;&nbsp; &nbsp;super in top level go boom</p>
                </div>
                            <div class="endsection">
                <b>Posted at Mar 16, 2009</b> by
                
                <a href="http://docs.codehaus.org/display/~enebo">Thomas E Enebo</a>                |
                
                                    <a href="http://docs.codehaus.org/display/JRUBY/2009/03/16/JRuby+1.2.0+Released?showComments=true#comments">0 comments</a>
                                            </div>
        </div>
    
                    <div class="blogSurtitle">
                <img src="http://docs.codehaus.org/images/icons/blogentry_16.gif" height="16" width="16" border="0" align="absmiddle"></img>
                <a class="blogDate" href="http://docs.codehaus.org/display/JRUBY/2009/03/06">Friday, March 6, 2009</a>
            </div>
        
        <div class="blogpost" style="margin-bottom: 30px">
            <div><a class="blogHeading" href="http://docs.codehaus.org/display/JRUBY/2009/03/06/JRuby+1.2.0RC2+Released">JRuby 1.2.0RC2 Released</a></div>

            <div class="pagesubheading">
                            Last changed Mar 06, 2009 16:34 by <a href="http://docs.codehaus.org/display/~enebo">Thomas E Enebo</a>
                                            </div>
                <div class="wiki-content">
                 <p>The JRuby community is pleased to announce the release of JRuby 1.2.0RC2</p>

<p>Homepage: <a href="http://www.jruby.org/">http://www.jruby.org/</a><br></br>
Download: <a href="http://dist.codehaus.org/jruby/">http://dist.codehaus.org/jruby/</a></p>

<p>JRuby 1.2.0RC2 has fixed many many compatibility issues and continued to<br></br>
improve general performance.&nbsp; Due to popular demand we have a new versioning<br></br>
system.&nbsp; 1.x.y was our old number system where x was the major release and y<br></br>
was the minor release.&nbsp; Our new system just chops off the vestigial '1.' from<br></br>
the front.&nbsp; 1.3, 1.4, ..., 1.x will just be minor releases of our current<br></br>
major release.</p>

<p>***<b>Please try your apps against 1.2.0RC2 ASAP and report problems</b>***</p>

<p>Highlights:<br></br>
- Improved Ruby 1.9 support (via --1.9)<br></br>
&nbsp; - Compiler now works<br></br>
&nbsp; - Almost all of the missing 1.9 methods have been added<br></br>
- New experimental --fast flag which does more aggressive optimizations<br></br>
- Large scale compiler and runtime cleanup and performance audit<br></br>
- Parsing is 3-6x faster now.<br></br>
- Preliminary android support (Ruboto)<br></br>
- Rails pathname issue fixed on Windows<br></br>
- Major bug triage since last release<br></br>
- 1052 revisions since 1.1.6<br></br>
- 232 bugs fixed since 1.1.6</p>

<p>***<b>Bugs fixed since RC1</b>***</p>

<p>key&nbsp;&nbsp;&nbsp;&nbsp;&nbsp;&nbsp;&nbsp;&nbsp;&nbsp;&nbsp;&nbsp;&nbsp;&nbsp; summary<br></br>
JRUBY-3455&nbsp; &nbsp;&nbsp;&nbsp; &nbsp; 1.2RC1 case - when clause evaluation does not short-circuit<br></br>
JRUBY-3456 &nbsp;&nbsp; &nbsp;rails command causes project to be created in the wrong directory<br></br>
JRUBY-3460 &nbsp;&nbsp; &nbsp;java.lang.ClassCastException: org.jruby.RubyObject building jruby-rack<br></br>
JRUBY-3461 &nbsp;&nbsp; &nbsp;Minor code conventions documentation typo<br></br>
JRUBY-3449 &nbsp;&nbsp; &nbsp;jruby-complete-1.2RC1.jar seems to break FFI<br></br>
JRUBY-3464 &nbsp;&nbsp; &nbsp;1.2.0 RC1 fails on Solaris x86_64<br></br>
JRUBY-3376 &nbsp;&nbsp; &nbsp;Need FFI platform files generated for x86_64 linux<br></br>
JRUBY-3378 &nbsp;&nbsp; &nbsp;JRuby needs a new release of JFFI<br></br>
JRUBY-3466 &nbsp;&nbsp; &nbsp;NPE at org.jruby.runtime.callsite.RespondToCallSite.isCacheInvalid<br></br>
JRUBY-3467 &nbsp;&nbsp; &nbsp;bug with *one* extra space on shebang with jruby-1.2rc1<br></br>
JRUBY-2795 &nbsp;&nbsp; &nbsp;Process.setpriority failure in rubyspecs on Mac OS X, Soylatte<br></br>
JRUBY-3370 &nbsp;&nbsp; &nbsp;Need Constantine release for JRuby 1.2<br></br>
JRUBY-3402 &nbsp;&nbsp; &nbsp;extract command still tries to run but fails; remove entirely or fix<br></br>
JRUBY-3457 &nbsp;&nbsp; &nbsp;ast script is not making it into the dist packages<br></br>
JRUBY-3447 &nbsp;&nbsp; &nbsp;Rails console gets stuck on "quit"<br></br>
JRUBY-3451 &nbsp;&nbsp; &nbsp;Random method undefined error after change in r.8491<br></br>
JRUBY-3448 &nbsp;&nbsp; &nbsp;UNIXSocket file descriptor leak<br></br>
JRUBY-3424 &nbsp;&nbsp; &nbsp;File.expand_path does not correctly follow directory changes from Dir.chdir<br></br>
JRUBY-3450 &nbsp;&nbsp; &nbsp;Problem with jitting ruby block in JRuby 1.2 RC1<br></br>
JRUBY-3444 &nbsp;&nbsp; &nbsp;Multi-line string interpolation parses under MRI but gives a parse error on JRuby</p>

<p>***<b>Bugs fixed since 1.1.6</b>***</p>

<p>Key &nbsp;&nbsp;&nbsp; &nbsp; Summary<br></br>
JRUBY-414&nbsp; &nbsp;&nbsp;&nbsp; &nbsp; Serialization of wrapped Java objects could be handled as user-marshalled data by Marshal<br></br>
JRUBY-551 &nbsp;&nbsp; &nbsp;JRUBY-549<br></br>
bfts test_file_test failures<br></br>
JRUBY-750 &nbsp;&nbsp; &nbsp;defineAlias reports original name and not aliased one in stack traces<br></br>
JRUBY-852 &nbsp;&nbsp; &nbsp;jirb exits on ESC followed by any arrow key followed by return<br></br>
JRUBY-1079 &nbsp;&nbsp; &nbsp;IO.sysopen not defined<br></br>
JRUBY-1201 &nbsp;&nbsp; &nbsp;TCPSocket.new(dest_adrr, dest_port, src_addr, src_port) missing from JRuby<br></br>
JRUBY-1235 &nbsp;&nbsp; &nbsp;DRb hangs when transferring Ruby objects created in Java<br></br>
JRUBY-1401 &nbsp;&nbsp; &nbsp;Pathname#realpath fails for Windows drive letters<br></br>
JRUBY-1470 &nbsp;&nbsp; &nbsp;FileTest methods only work with string arguments<br></br>
JRUBY-1555 &nbsp;&nbsp; &nbsp;DST bug in second form of Time.local<br></br>
JRUBY-1576 &nbsp;&nbsp; &nbsp;multi-byte character encoding probrem<br></br>
JRUBY-1606 &nbsp;&nbsp; &nbsp;File.expand_path does not work as expected<br></br>
JRUBY-1639 &nbsp;&nbsp; &nbsp;Exception when stopping WEBrick running the new rails application<br></br>
JRUBY-1803 &nbsp;&nbsp; &nbsp;Support Ruby 1.9 M17N strings<br></br>
JRUBY-1853 &nbsp;&nbsp; &nbsp;define_method methods do not display the correct stack trace, may not be using frame safely<br></br>
JRUBY-1854 &nbsp;&nbsp; &nbsp;def is almost 3x slower in JRuby<br></br>
JRUBY-1855 &nbsp;&nbsp; &nbsp;EOF handling in case of reading program from standard input<br></br>
JRUBY-1872 &nbsp;&nbsp; &nbsp;next statement should return the argument passed, not nil<br></br>
JRUBY-1884 &nbsp;&nbsp; &nbsp;handling of file close while reading differs from mri<br></br>
JRUBY-1950 &nbsp;&nbsp; &nbsp;-i flag not supported<br></br>
JRUBY-2003 &nbsp;&nbsp; &nbsp;rexml pretty printing wrap() error<br></br>
JRUBY-2040 &nbsp;&nbsp; &nbsp;new samples/jnlp dir: includes both unsigned and signed examples that work in Java 1.5 and 1.6<br></br>
JRUBY-2108 &nbsp;&nbsp; &nbsp;IOWaitLibrary ready? returns nil when ready<br></br>
JRUBY-2120 &nbsp;&nbsp; &nbsp;Wrong stacktraces from exceptions about wrong number of arguments<br></br>
JRUBY-2131 &nbsp;&nbsp; &nbsp;Select with nil arrays should throw an exception<br></br>
JRUBY-2139 &nbsp;&nbsp; &nbsp;jruby.compile.frameless=true cause "Superclass method 'initialize' disabled."<br></br>
JRUBY-2168 &nbsp;&nbsp; &nbsp;test_io (test_copy_dev_null) fails under WinXP<br></br>
JRUBY-2170 &nbsp;&nbsp; &nbsp;Very unverbose message when problem with native library exists<br></br>
JRUBY-2174 &nbsp;&nbsp; &nbsp;Method#to_proc.call invocations much slower than normal Method#call invocations<br></br>
JRUBY-2180 &nbsp;&nbsp; &nbsp;break performance is slower than MRI, sometimes slower than interpreted<br></br>
JRUBY-2211 &nbsp;&nbsp; &nbsp;SNMP Requests does not timeout properly<br></br>
JRUBY-2252 &nbsp;&nbsp; &nbsp;Kernel#exec should not raise SystemExit<br></br>
JRUBY-2262 &nbsp;&nbsp; &nbsp;Java toString() mapping to invoke(... to_s ...).toString() doesn<br></br>
JRUBY-2264 &nbsp;&nbsp; &nbsp;Include Nailgun in release binary packages<br></br>
JRUBY-2285 &nbsp;&nbsp; &nbsp;Regression: rubyspec run with -V option breaks JRuby<br></br>
JRUBY-2288 &nbsp;&nbsp; &nbsp;UDP locking problems when receiving from multiple senders on same port<br></br>
JRUBY-2296 &nbsp;&nbsp; &nbsp;convertToRuby does not work if to_s does not return a String (but for example nil)<br></br>
JRUBY-2305 &nbsp;&nbsp; &nbsp;File output cuts off at a certain point?<br></br>
JRUBY-2307 &nbsp;&nbsp; &nbsp;DRb from MRI server to JRuby client fails with long messages<br></br>
JRUBY-2326 &nbsp;&nbsp; &nbsp;Invalid cast during parsing of recursive.rb in facelets-2.3.0 (org.jruby.ast.YieldNode cannot be cast to org.jruby.ast.BlockAcceptingNode)<br></br>
JRUBY-2328 &nbsp;&nbsp; &nbsp;Overriding require causes eval to give wrong _<em>FILE</em>_ in certain circumstances<br></br>
JRUBY-2333 &nbsp;&nbsp; &nbsp;usage of unexistant variable in REXML::SourceFactory<br></br>
JRUBY-2346 &nbsp;&nbsp; &nbsp;Nailgun does not compile under HP-UX<br></br>
JRUBY-2353 &nbsp;&nbsp; &nbsp;Process.kill breaks up JRuby, while works in MRI on Windows<br></br>
JRUBY-2369 &nbsp;&nbsp; &nbsp;'ant spec' failures on on MacOS<br></br>
JRUBY-2389 &nbsp;&nbsp; &nbsp;java.util.ConcurrentModificationException<br></br>
JRUBY-2410 &nbsp;&nbsp; &nbsp;Multiple assignment could be made faster by not returning unused array<br></br>
JRUBY-2424 &nbsp;&nbsp; &nbsp;running with -rprofile with multithreaded test causes NPE<br></br>
JRUBY-2426 &nbsp;&nbsp; &nbsp;JRuby trunk does not build with IBM JVM 1.5<br></br>
JRUBY-2435 &nbsp;&nbsp; &nbsp;Aliasing eval and other "special" methods should display a warning<br></br>
JRUBY-2455&nbsp; &nbsp;&nbsp;&nbsp; &nbsp; "jruby" script failed to find JRUBY_HOME leads to class not found<br></br>
JRUBY-2484 &nbsp;&nbsp; &nbsp;unicode symbol not supported as in MRI<br></br>
JRUBY-2504 &nbsp;&nbsp; &nbsp;JAR URLs are inconsistently supported by APIs that access the filesystem<br></br>
JRUBY-2506 &nbsp;&nbsp; &nbsp;Marshal/IO.eof bug<br></br>
JRUBY-2518 &nbsp;&nbsp; &nbsp;Dir["some glob"] doesn't work for files inside a jar<br></br>
JRUBY-2521 &nbsp;&nbsp; &nbsp;Compilation Warning for Sun proprietary API using<br></br>
JRUBY-2522 &nbsp;&nbsp; &nbsp;Can not execute JRuby 1.1.1 "ant test" with IBM JDK<br></br>
JRUBY-2542 &nbsp;&nbsp; &nbsp;DATA.flock causes ClassCastException<br></br>
JRUBY-2545 &nbsp;&nbsp; &nbsp;Recursively locking on a mutex results in deadlock<br></br>
JRUBY-2548 &nbsp;&nbsp; &nbsp;JRuby conversion of String to Java String is arcane<br></br>
JRUBY-2557 &nbsp;&nbsp; &nbsp;NPE when yielding method<br></br>
JRUBY-2603 &nbsp;&nbsp; &nbsp;Couple of new rubyspec failures for URI library<br></br>
JRUBY-2655 &nbsp;&nbsp; &nbsp;TCPSocket.new('localhost', 2001) connects on the wrong interface<br></br>
JRUBY-2661 &nbsp;&nbsp; &nbsp;specs hang under Apple Java 5<br></br>
JRUBY-2672 &nbsp;&nbsp; &nbsp;BasicSocket#close_read and #close_write not working<br></br>
JRUBY-2675 &nbsp;&nbsp; &nbsp;jirb + jline do not work in cygwin<br></br>
JRUBY-2699 &nbsp;&nbsp; &nbsp;If user's PATH contains '.' and 'jruby' resolves to './jruby', JRUBY_HOME is incorrectly set to '.', leading to 'NoClassDefFoundError'<br></br>
JRUBY-2727 &nbsp;&nbsp; &nbsp;ActiveScaffold 1.1.1 fails with JRuby 1.1.2, probable path problem<br></br>
JRUBY-2732 &nbsp;&nbsp; &nbsp;org.jruby.util.RubyInputStream is unused<br></br>
JRUBY-2757 &nbsp;&nbsp; &nbsp;Compiled argument processing and arity checking are too large, too much bytecode<br></br>
JRUBY-2759 &nbsp;&nbsp; &nbsp;Time Zone "MET" maps to Asia/Tehran<br></br>
JRUBY-2761 &nbsp;&nbsp; &nbsp;Thread#wakeup fails when sleep is called with a parameter<br></br>
JRUBY-2772 &nbsp;&nbsp; &nbsp;Zlib::Deflate doesn't appear to deflate<br></br>
JRUBY-2782 &nbsp;&nbsp; &nbsp;"No such file or directory (IOError)" when JAR file named in java.class.path but not active filesystem<br></br>
JRUBY-2788 &nbsp;&nbsp; &nbsp;Make Time.now monotonically increasing<br></br>
JRUBY-2794 &nbsp;&nbsp; &nbsp;Failure in String#crypt specs, Mac OS X, Soylatte<br></br>
JRUBY-2796 &nbsp;&nbsp; &nbsp;Missing constant in Process::Constants on Mac OS X (darwin)<br></br>
JRUBY-2797 &nbsp;&nbsp; &nbsp;File.expand_path rubyspec failure on Mac OS X, Soylatte<br></br>
JRUBY-2802 &nbsp;&nbsp; &nbsp;JRuby wrapped Java objects formerly exposed readers for non-public fields<br></br>
JRUBY-2804 &nbsp;&nbsp; &nbsp;IO.popen of 'yes' process hangs on close<br></br>
JRUBY-2815 &nbsp;&nbsp; &nbsp;System triggered from inside of tracing behaves oddly<br></br>
JRUBY-2817 &nbsp;&nbsp; &nbsp;File.chown works with 64bit JDK, but raises NotImplementedError on 32 bit JDK<br></br>
JRUBY-2820 &nbsp;&nbsp; &nbsp;Most Etc methods behave diferently on Windows under x32 and x64 JVMs<br></br>
JRUBY-2826 &nbsp;&nbsp; &nbsp;Array#pack('w') is broken (exceptions and wrong results)<br></br>
JRUBY-2830 &nbsp;&nbsp; &nbsp;String#unpack with 'w' is completely unimplemented<br></br>
JRUBY-2845 &nbsp;&nbsp; &nbsp;-S switch breaks if you have directory in pwd matching name of file in bin/PATH<br></br>
JRUBY-2846 &nbsp;&nbsp; &nbsp;gem generate_index broken<br></br>
JRUBY-2849 &nbsp;&nbsp; &nbsp;CCE using proc{} in AR callbacks<br></br>
JRUBY-2855 &nbsp;&nbsp; &nbsp;Classpath search order is not respected by require when classpath includes both jars and directories<br></br>
JRUBY-2858 &nbsp;&nbsp; &nbsp;test_file.rb::test_opening_readonly_file_for_write_raises_eacces() fails with "IOError: Permission denied" on FreeBSD 7.0 amd64 + java 1.6.0_07<br></br>
JRUBY-2861 &nbsp;&nbsp; &nbsp;Cannot call super inside a method that overrides a protected method on Java base class<br></br>
JRUBY-2868 &nbsp;&nbsp; &nbsp;ThreadService.getRubyThreadFromThread supports only one non-rubynative thread at a time.<br></br>
JRUBY-2896 &nbsp;&nbsp; &nbsp;jruby -S picks up script from local directory<br></br>
JRUBY-2898 &nbsp;&nbsp; &nbsp;Exception trying to use BSF (java.lang.NoClassDefFoundError: org/apache/bsf/util/BSFEngineImp)<br></br>
JRUBY-2901 &nbsp;&nbsp; &nbsp;JRuby does not support options in shebang line<br></br>
JRUBY-2917 &nbsp;&nbsp; &nbsp;Missing peephole optimizations in parser, compiler<br></br>
JRUBY-2921 &nbsp;&nbsp; &nbsp;Newly overridden methods are not called if the old superclass method has already been called<br></br>
JRUBY-2933 &nbsp;&nbsp; &nbsp;Ruby runtimes are pinned to memory due to ChannelStream<br></br>
JRUBY-2941 &nbsp;&nbsp; &nbsp;popen IO lockup with multiple threads<br></br>
JRUBY-2950 &nbsp;&nbsp; &nbsp;Net::IMAP#authenticate stalls / blocks in recent versions of JRuby<br></br>
JRUBY-2951&nbsp; &nbsp;&nbsp;&nbsp; &nbsp; repeated popen call may throw NULL pointer exception<br></br>
JRUBY-2970 &nbsp;&nbsp; &nbsp;Timeout.rb is not working in special cases (Thread may block whole application).<br></br>
JRUBY-2974 &nbsp;&nbsp; &nbsp;multi-byte exception message turned into garbled characters when Java Exception nested NativeException.<br></br>
JRUBY-2979 &nbsp;&nbsp; &nbsp;File#getc fails on illegal seek when reading from /dev/ttyS0 on Linux<br></br>
JRUBY-2981 &nbsp;&nbsp; &nbsp;alias_method_chain pattern is extremely show on jruby<br></br>
JRUBY-2982 &nbsp;&nbsp; &nbsp;Unicode regular expressions by UTF-8 don't work<br></br>
JRUBY-2988 &nbsp;&nbsp; &nbsp;jirb does not echo characters to the terminal after suspend and resume in the shell<br></br>
JRUBY-2997 &nbsp;&nbsp; &nbsp;Dir[] results in NPE depending on permissions<br></br>
JRUBY-2999 &nbsp;&nbsp; &nbsp;Regression: Inheriting method with same name from two Java interfaces causes Java classloader error<br></br>
JRUBY-3000 &nbsp;&nbsp; &nbsp;integration issues with Java classes containing inner classes<br></br>
JRUBY-3003 &nbsp;&nbsp; &nbsp;ArrayStoreException in compiler when calling Array.fill<br></br>
JRUBY-3005 &nbsp;&nbsp; &nbsp;Stomp gem hangs in Stomp::Client#subscribe<br></br>
JRUBY-3007 &nbsp;&nbsp; &nbsp;Message method value of Exception is missing in Java when exception raised in ruby<br></br>
JRUBY-3011 &nbsp;&nbsp; &nbsp;java classes with non-public constructors are incorrectly instantiated<br></br>
JRUBY-3017 &nbsp;&nbsp; &nbsp;DRb "premature header" error on JRuby client<br></br>
JRUBY-3035 &nbsp;&nbsp; &nbsp;Get Rails tests running in a CI server somewhere before 1.1.6 release, to ensure no future breakages<br></br>
JRUBY-3038 &nbsp;&nbsp; &nbsp;Unable to insert YAML into t.text field (behavior different from Ruby 1.8.6)<br></br>
JRUBY-3054 &nbsp;&nbsp; &nbsp;Thread#status is "run" when thread is blocking on condition variable<br></br>
JRUBY-3055 &nbsp;&nbsp; &nbsp;permission javax.management.MBeanServerPermission "createMBeanServer";<br></br>
JRUBY-3061 &nbsp;&nbsp; &nbsp;NKF(unsupported Q encode stream)<br></br>
JRUBY-3065 &nbsp;&nbsp; &nbsp;New public LoadService#findFileToLoad method<br></br>
JRUBY-3071 &nbsp;&nbsp; &nbsp;Illegal seek error trying to read() from pipe<br></br>
JRUBY-3073 &nbsp;&nbsp; &nbsp;JRuby script engine does not load on IBM JDK<br></br>
JRUBY-3076 &nbsp;&nbsp; &nbsp;RubyUDPSocket.send tries to do inet address lookup, pauses too long for inet6 failure<br></br>
JRUBY-3077 &nbsp;&nbsp; &nbsp;Update ruby_test tests and incorporate changes into build<br></br>
JRUBY-3085 &nbsp;&nbsp; &nbsp;Add constant caching for Colon2 and Colon3 (specific module and Object cases)<br></br>
JRUBY-3088 &nbsp;&nbsp; &nbsp;"RStone" port of PyStone is slower on JRuby than 1.9<br></br>
JRUBY-3089 &nbsp;&nbsp; &nbsp;Digest::Base stores in memory all bytes passed to the digest, causing OutOfMemoryError<br></br>
JRUBY-3103 &nbsp;&nbsp; &nbsp;Compiler closures use two different binding mechanisms, need better construction and caching logic<br></br>
JRUBY-3109 &nbsp;&nbsp; &nbsp;Update stdlib to an appropriate 1.8.6 patchlevel<br></br>
JRUBY-3116 &nbsp;&nbsp; &nbsp;ArrayIndexOutOfBoundsException in tmail<br></br>
JRUBY-3120 &nbsp;&nbsp; &nbsp;Regression: error serializing array of objects with custom to_yaml def to yaml<br></br>
JRUBY-3125 &nbsp;&nbsp; &nbsp;Some Socket constants not supported.<br></br>
JRUBY-3127 &nbsp;&nbsp; &nbsp;Inconsistent DynamicScope instances in evalScriptlet<br></br>
JRUBY-3128 &nbsp;&nbsp; &nbsp;Different jruby behaviour that ruby 1.8.6/1.8.7/1.9 when running file that is named as one of required file.<br></br>
JRUBY-3142 &nbsp;&nbsp; &nbsp;Dir.pwd correctly displays dirs with unicode characters in them<br></br>
JRUBY-3146 &nbsp;&nbsp; &nbsp;Time#_dump RubySpec failures<br></br>
JRUBY-3147 &nbsp;&nbsp; &nbsp;Time#_load RubySpec failures<br></br>
JRUBY-3148 &nbsp;&nbsp; &nbsp;Array#fill spec failures<br></br>
JRUBY-3152 &nbsp;&nbsp; &nbsp;Process.times returns invalid values<br></br>
JRUBY-3158 &nbsp;&nbsp; &nbsp;Wrong ruby methods called on object of same class from Java code.<br></br>
JRUBY-3160 &nbsp;&nbsp; &nbsp;REXML returns error for add_attribute<br></br>
JRUBY-3174 &nbsp;&nbsp; &nbsp;FFI MemoryPointer#get_string(0, x) gets confused by null byte in the buffer<br></br>
JRUBY-3175 &nbsp;&nbsp; &nbsp;Cloning java byte array returns incorrect object<br></br>
JRUBY-3177 &nbsp;&nbsp; &nbsp;ConcurrentModificationException<br></br>
JRUBY-3178 &nbsp;&nbsp; &nbsp;http spec tests fail when webrick starts on address 0.0.0.0<br></br>
JRUBY-3179 &nbsp;&nbsp; &nbsp;JRuby can't handle do/end blocks within String-inlined expressions<br></br>
JRUBY-3180 &nbsp;&nbsp; &nbsp;Class in default package can't be reopened under Java namespace<br></br>
JRUBY-3187 &nbsp;&nbsp; &nbsp;JRuby command line scripts do not work with spaces in the path<br></br>
JRUBY-3190 &nbsp;&nbsp; &nbsp;method `module_eval' for main:Object should be undefined?<br></br>
JRUBY-3204&nbsp; &nbsp;&nbsp;&nbsp; &nbsp; IO.read and IO.readlines do not take a block<br></br>
JRUBY-3207 &nbsp;&nbsp; &nbsp;super error message is inaccurate when superclass doesn't implement method.<br></br>
JRUBY-3208 &nbsp;&nbsp; &nbsp;ant task api-docs runs out of memory, patch included<br></br>
JRUBY-3211 &nbsp;&nbsp; &nbsp;builder library is slower in JRuby than in MRI<br></br>
JRUBY-3214 &nbsp;&nbsp; &nbsp;load and require don't work correctly for .class files<br></br>
JRUBY-3217 &nbsp;&nbsp; &nbsp;Memory Leak with Adopted Threads<br></br>
JRUBY-3218 &nbsp;&nbsp; &nbsp;Import is sometimes confused by unquoted class name<br></br>
JRUBY-3221 &nbsp;&nbsp; &nbsp;Rubinius -bad instanceof tests in RubiniusMachine for attempt at fast path evaluation<br></br>
JRUBY-3224 &nbsp;&nbsp; &nbsp;Array#to_java with java object reference doesn't carry over object identity<br></br>
JRUBY-3226 &nbsp;&nbsp; &nbsp;Including more than one java interface stops Test::Unit execution<br></br>
JRUBY-3232 &nbsp;&nbsp; &nbsp;Zlib::GzipReader.each_line yields compressed data<br></br>
JRUBY-3233 &nbsp;&nbsp; &nbsp;JRuby with Rails 2.2.2 unable to instantiate a java class<br></br>
JRUBY-3234 &nbsp;&nbsp; &nbsp;Difference in require behaviour with MRI with ".rb" suffix<br></br>
JRUBY-3238 &nbsp;&nbsp; &nbsp;Jruby 1.1.7 still leaking weakreferences<br></br>
JRUBY-3242 &nbsp;&nbsp; &nbsp;Performance degradation on write operations<br></br>
JRUBY-3244 &nbsp;&nbsp; &nbsp;[PATCH] Support atime updates via utime<br></br>
JRUBY-3248 &nbsp;&nbsp; &nbsp;jruby can't load file produced with jrubyc<br></br>
JRUBY-3250 &nbsp;&nbsp; &nbsp;test_java_pkcs7.rb - Problem coercing Bignum into class java.math.BigInteger<br></br>
JRUBY-3251 &nbsp;&nbsp; &nbsp;ConcurrencyError bug when installing Merb on JRuby<br></br>
JRUBY-3253 &nbsp;&nbsp; &nbsp;Lack of default jruby.home in embedded usage causes NPE<br></br>
JRUBY-3254 &nbsp;&nbsp; &nbsp;Make JRuby's Time#local behave more like MRI<br></br>
JRUBY-3255 &nbsp;&nbsp; &nbsp;jruby -S script/server fails in Rails application<br></br>
JRUBY-3257 &nbsp;&nbsp; &nbsp;RaiseException#printStrackTrace doesn't deal well with nil messages<br></br>
JRUBY-3262 &nbsp;&nbsp; &nbsp;JRuby 1.1.6 regression: ClassFormatError if Ruby superclass of Ruby class implements super-interface of Java interface<br></br>
JRUBY-3267 &nbsp;&nbsp; &nbsp;patch attached to update eclipse .classpath to refer to bytelist-1.0.1.jar<br></br>
JRUBY-3269 &nbsp;&nbsp; &nbsp;SystemStackError with YAML.dump<br></br>
JRUBY-3270 &nbsp;&nbsp; &nbsp;using activerecord 'to_xml' method crashes JRuby (and debugger)<br></br>
JRUBY-3274 &nbsp;&nbsp; &nbsp;Many new Array#pack failures in updated RubySpecs<br></br>
JRUBY-3275 &nbsp;&nbsp; &nbsp;New ARGF spec failures<br></br>
JRUBY-3276 &nbsp;&nbsp; &nbsp;New IO#readpartial and IO#seek spec failures<br></br>
JRUBY-3277 &nbsp;&nbsp; &nbsp;Constant lookup should omit topmost lexical scope; not bail out on first Object-hosting lexical scope<br></br>
JRUBY-3280 &nbsp;&nbsp; &nbsp;patch attached to update eclipse .classpath to add new jars in build_lib/<br></br>
JRUBY-3287 &nbsp;&nbsp; &nbsp;Add public RubyInstanceConfig#setCompatVersion<br></br>
JRUBY-3289 &nbsp;&nbsp; &nbsp;ArgumentError: dump format error() when unmarshalling Rails session and EOFError when unmarshalling hash with containing value of type ActionController::Flash::FlashHash<br></br>
JRUBY-3290 &nbsp;&nbsp; &nbsp;Float range to restrictive in FFI code<br></br>
JRUBY-3296 &nbsp;&nbsp; &nbsp;Etc.getpwuid should raise TypeError if invalid type<br></br>
JRUBY-3298 &nbsp;&nbsp; &nbsp;Kernel.srand calls #to_i on number<br></br>
JRUBY-3303 &nbsp;&nbsp; &nbsp;[1.9] splat of array at front of assignment broken (same for other grammatical constructs)<br></br>
JRUBY-3305 &nbsp;&nbsp; &nbsp;Fixnums &amp; Floats should be coerced to the narrowest java.lang.Number when passed to a java method that expects Object<br></br>
JRUBY-3307 &nbsp;&nbsp; &nbsp;tempfile.rb sucks in JRuby<br></br>
JRUBY-3308 &nbsp;&nbsp; &nbsp;Deadlock between RubyModule.includeModule() and RubyClass.invalidateCacheDescendants()<br></br>
JRUBY-3310 &nbsp;&nbsp; &nbsp;Race condition in JRuby when Active Support is overriding Kernel.require<br></br>
JRUBY-3314 &nbsp;&nbsp; &nbsp;Pull in final 1.9.1 stdlib when released<br></br>
JRUBY-3316 &nbsp;&nbsp; &nbsp;Group expression class path fails to parse<br></br>
JRUBY-3317 &nbsp;&nbsp; &nbsp;require "tempfile"; Dir.tmpdir fails<br></br>
JRUBY-3318 &nbsp;&nbsp; &nbsp;If 'jruby' executable is a relative symlink, JRuby won't start<br></br>
JRUBY-3324 &nbsp;&nbsp; &nbsp;Error in string encoding conversion<br></br>
JRUBY-3328 &nbsp;&nbsp; &nbsp;Incorrect behavior for case/when when true or false are the first conditions<br></br>
JRUBY-3329 &nbsp;&nbsp; &nbsp;Major divergence in threading behaviour between Ruby 1.8.6 and JRuby 1.1.6<br></br>
JRUBY-3331 &nbsp;&nbsp; &nbsp;to_f near Float::MAX<br></br>
JRUBY-3332&nbsp; &nbsp;&nbsp;&nbsp; &nbsp; ConcurrentModificationException In Application Startup<br></br>
JRUBY-3339 &nbsp;&nbsp; &nbsp;java.lang.ArrayIndexOutOfBoundsException in RubyArray.java<br></br>
JRUBY-3340 &nbsp;&nbsp; &nbsp;String#unpack('m') fails with ArrayIndexOutOfBoundsException<br></br>
JRUBY-3351 &nbsp;&nbsp; &nbsp;Tempfile defaults to a directory that does not exist on Windows<br></br>
JRUBY-3360 &nbsp;&nbsp; &nbsp;Pure-Java tempfile does not use a #make_tmpname callback<br></br>
JRUBY-3361 &nbsp;&nbsp; &nbsp;Compiled case/when blows up with arrays as when clauses<br></br>
JRUBY-3362 &nbsp;&nbsp; &nbsp;attr_accessor, attr_reader, attr_writer, and attr not obeying visibility<br></br>
JRUBY-3363 &nbsp;&nbsp; &nbsp;OutOfMemoryError when using soap4r on jruby 1.1.6<br></br>
JRUBY-3365 &nbsp;&nbsp; &nbsp;Objects with custom to_yaml methods break collection to_yaml<br></br>
JRUBY-3366 &nbsp;&nbsp; &nbsp;Faulty marshalling error blows up in ActiveSupport<br></br>
JRUBY-3367 &nbsp;&nbsp; &nbsp;Dir.glob processes nested braces incorrectly<br></br>
JRUBY-3372 &nbsp;&nbsp; &nbsp;[PATCH] FFI: passing nil for a declared string parameter blows up<br></br>
JRUBY-3373 &nbsp;&nbsp; &nbsp;[PATCH] FFI: assigning Struct to a pointer fails<br></br>
JRUBY-3374 &nbsp;&nbsp; &nbsp;[PATCH] FFI::ManagedStruct instantiated objects are of the wrong class<br></br>
JRUBY-3375 &nbsp;&nbsp; &nbsp;'attr' implementation is incompatible with MRI 1.9.1 behavior<br></br>
JRUBY-3377 &nbsp;&nbsp; &nbsp;Need FFI platform files generated for x86_64 darwin<br></br>
JRUBY-3386 &nbsp;&nbsp; &nbsp;Array#eql? rubyspec failure<br></br>
JRUBY-3387 &nbsp;&nbsp; &nbsp;Array#== rubyspec failure<br></br>
JRUBY-3390 &nbsp;&nbsp; &nbsp;RubySpec: Numeric#coerce calls #to_f to convert other if self responds to #to_f<br></br>
JRUBY-3392 &nbsp;&nbsp; &nbsp;RubySpec: Thread.stop resets Thread.critical to false<br></br>
JRUBY-3397 &nbsp;&nbsp; &nbsp;defined? CONST is not following proper constant lookup rules<br></br>
JRUBY-3398 &nbsp;&nbsp; &nbsp;Attributes defined from Java tried to use current frame for visibility<br></br>
JRUBY-3405 &nbsp;&nbsp; &nbsp;popen breaks input channel for IRB<br></br>
JRUBY-3407 &nbsp;&nbsp; &nbsp;FFI Stack Level Too Deep on Library.send(:method, args)<br></br>
JRUBY-3408 &nbsp;&nbsp; &nbsp;FFI non-string args for methods are turned into strings anyway<br></br>
JRUBY-3410 &nbsp;&nbsp; &nbsp;Add -y flag to debug the parser<br></br>
JRUBY-3411 &nbsp;&nbsp; &nbsp;JRuby does not build or run on AIX due to exceptions in org.jruby.ext.ffi.Platform<br></br>
JRUBY-3420 &nbsp;&nbsp; &nbsp;[PATCH] Added basic_word_break_characters method to Readline<br></br>
JRUBY-3432 &nbsp;&nbsp; &nbsp;String#hash needs to be made encoding-aware<br></br>
JRUBY-3436 &nbsp;&nbsp; &nbsp;[PATCH] FFI should allow passing nil as a callback parameter<br></br>
JRUBY-3437 &nbsp;&nbsp; &nbsp;pid-returning methods should make a best effort to get a real pid<br></br>
JRUBY-3439 &nbsp;&nbsp; &nbsp;super in top level go boom</p>
                </div>
                            <div class="endsection">
                <b>Posted at Mar 06, 2009</b> by
                
                <a href="http://docs.codehaus.org/display/~enebo">Thomas E Enebo</a>                |
                
                                    <a href="http://docs.codehaus.org/display/JRUBY/2009/03/06/JRuby+1.2.0RC2+Released?showComments=true#comments">0 comments</a>
                                            </div>
        </div>
    
                    <div class="blogSurtitle">
                <img src="http://docs.codehaus.org/images/icons/blogentry_16.gif" height="16" width="16" border="0" align="absmiddle"></img>
                <a class="blogDate" href="http://docs.codehaus.org/display/JRUBY/2009/02/24">Tuesday, February 24, 2009</a>
            </div>
        
        <div class="blogpost" style="margin-bottom: 30px">
            <div><a class="blogHeading" href="http://docs.codehaus.org/display/JRUBY/2009/02/24/JRuby+1.2.0RC1+Released">JRuby 1.2.0RC1 Released</a></div>

            <div class="pagesubheading">
                            Last changed Feb 24, 2009 18:58 by <a href="http://docs.codehaus.org/display/~enebo">Thomas E Enebo</a>
                                            </div>
                <div class="wiki-content">
                 <p>The JRuby community is pleased to announce the release of JRuby 1.2.0RC1</p>

<p>Homepage: <a href="http://www.jruby.org/">http://www.jruby.org/</a><br></br>
Download: <a href="http://dist.codehaus.org/jruby/">http://dist.codehaus.org/jruby/</a></p>

<p>JRuby 1.2.0RC1 has fixed many many compatibility issues and continued to<br></br>
improve general performance.&nbsp; Due to popular demand we have a new versioning<br></br>
system.&nbsp; 1.x.y was our old number system where x was the major release and y<br></br>
was the minor release.&nbsp; Our new system just chops off the vestigial '1.' from<br></br>
the front.&nbsp; 1.3, 1.4, ..., 1.x will just be minor releases of our current<br></br>
major release.</p>

<p>*<b>**Please try your apps against 1.2.0RC1 ASAP and report problems</b>***</p>

<p>Highlights:<br></br>
- Improved Ruby 1.9 support (via --1.9)<br></br>
&nbsp; - Compiler now works<br></br>
&nbsp; - Almost all of the missing 1.9 methods have been added<br></br>
- New experimental --fast flag which does more aggressive optimizations<br></br>
- Large scale compiler and runtime cleanup and performance audit<br></br>
- Parsing is 3-6x faster now.<br></br>
- Preliminary android support (Ruboto)<br></br>
- Rails pathname issue fixed on Windows<br></br>
- Major bug triage since last release<br></br>
- 1052 revisions since 1.1.6<br></br>
- 232 bugs fixed since 1.1.6</p>

<p>Key&nbsp; &nbsp;&nbsp;&nbsp; &nbsp;Summary<br></br>
JRUBY-414&nbsp;&nbsp; &nbsp;&nbsp;&nbsp; &nbsp;Serialization of wrapped Java objects could be handled as user-marshalled data by Marshal<br></br>
JRUBY-551 &nbsp;&nbsp;&nbsp; JRUBY-549<br></br>
bfts test_file_test failures<br></br>
JRUBY-750 &nbsp;&nbsp;&nbsp; defineAlias reports original name and not aliased one in stack traces<br></br>
JRUBY-852 &nbsp;&nbsp;&nbsp; jirb exits on ESC followed by any arrow key followed by return<br></br>
JRUBY-1079 &nbsp;&nbsp;&nbsp; IO.sysopen not defined<br></br>
JRUBY-1201 &nbsp;&nbsp;&nbsp; TCPSocket.new(dest_adrr, dest_port, src_addr, src_port) missing from JRuby<br></br>
JRUBY-1235 &nbsp;&nbsp;&nbsp; DRb hangs when transferring Ruby objects created in Java<br></br>
JRUBY-1401 &nbsp;&nbsp;&nbsp; Pathname#realpath fails for Windows drive letters<br></br>
JRUBY-1470 &nbsp;&nbsp;&nbsp; FileTest methods only work with string arguments<br></br>
JRUBY-1555 &nbsp;&nbsp;&nbsp; DST bug in second form of Time.local<br></br>
JRUBY-1576 &nbsp;&nbsp;&nbsp; multi-byte character encoding probrem<br></br>
JRUBY-1606 &nbsp;&nbsp;&nbsp; File.expand_path does not work as expected<br></br>
JRUBY-1639 &nbsp;&nbsp;&nbsp; Exception when stopping WEBrick running the new rails application<br></br>
JRUBY-1803 &nbsp;&nbsp;&nbsp; Support Ruby 1.9 M17N strings<br></br>
JRUBY-1853 &nbsp;&nbsp;&nbsp; define_method methods do not display the correct stack trace, may not be using frame safely<br></br>
JRUBY-1854 &nbsp;&nbsp;&nbsp; def is almost 3x slower in JRuby<br></br>
JRUBY-1855 &nbsp;&nbsp;&nbsp; EOF handling in case of reading program from standard input<br></br>
JRUBY-1872 &nbsp;&nbsp;&nbsp; next statement should return the argument passed, not nil<br></br>
JRUBY-1884 &nbsp;&nbsp;&nbsp; handling of file close while reading differs from mri<br></br>
JRUBY-1950 &nbsp;&nbsp;&nbsp; -i flag not supported<br></br>
JRUBY-2003 &nbsp;&nbsp;&nbsp; rexml pretty printing wrap() error<br></br>
JRUBY-2040 &nbsp;&nbsp;&nbsp; new samples/jnlp dir: includes both unsigned and signed examples that work in Java 1.5 and 1.6<br></br>
JRUBY-2108 &nbsp;&nbsp;&nbsp; IOWaitLibrary ready? returns nil when ready<br></br>
JRUBY-2120 &nbsp;&nbsp;&nbsp; Wrong stacktraces from exceptions about wrong number of arguments<br></br>
JRUBY-2131 &nbsp;&nbsp;&nbsp; Select with nil arrays should throw an exception<br></br>
JRUBY-2139 &nbsp;&nbsp;&nbsp; jruby.compile.frameless=true cause "Superclass method 'initialize' disabled."<br></br>
JRUBY-2168 &nbsp;&nbsp;&nbsp; test_io (test_copy_dev_null) fails under WinXP<br></br>
JRUBY-2170 &nbsp;&nbsp;&nbsp; Very unverbose message when problem with native library exists<br></br>
JRUBY-2174 &nbsp;&nbsp;&nbsp; Method#to_proc.call invocations much slower than normal Method#call invocations<br></br>
JRUBY-2180 &nbsp;&nbsp;&nbsp; break performance is slower than MRI, sometimes slower than interpreted<br></br>
JRUBY-2211 &nbsp;&nbsp;&nbsp; SNMP Requests does not timeout properly<br></br>
JRUBY-2252 &nbsp;&nbsp;&nbsp; Kernel#exec should not raise SystemExit<br></br>
JRUBY-2262 &nbsp;&nbsp;&nbsp; Java toString() mapping to invoke(... to_s ...).toString() doesn<br></br>
JRUBY-2264 &nbsp;&nbsp;&nbsp; Include Nailgun in release binary packages<br></br>
JRUBY-2285 &nbsp;&nbsp;&nbsp; Regression: rubyspec run with -V option breaks JRuby<br></br>
JRUBY-2288 &nbsp;&nbsp;&nbsp; UDP locking problems when receiving from multiple senders on same port<br></br>
JRUBY-2296 &nbsp;&nbsp;&nbsp; convertToRuby does not work if to_s does not return a String (but for example nil)<br></br>
JRUBY-2305 &nbsp;&nbsp;&nbsp; File output cuts off at a certain point?<br></br>
JRUBY-2307 &nbsp;&nbsp;&nbsp; DRb from MRI server to JRuby client fails with long messages<br></br>
JRUBY-2326 &nbsp;&nbsp;&nbsp; Invalid cast during parsing of recursive.rb in facelets-2.3.0 (org.jruby.ast.YieldNode cannot be cast to org.jruby.ast.BlockAcceptingNode)<br></br>
JRUBY-2328 &nbsp;&nbsp;&nbsp; Overriding require causes eval to give wrong _<em>FILE</em>_ in certain circumstances<br></br>
JRUBY-2333 &nbsp;&nbsp;&nbsp; usage of unexistant variable in REXML::SourceFactory<br></br>
JRUBY-2346 &nbsp;&nbsp;&nbsp; Nailgun does not compile under HP-UX<br></br>
JRUBY-2353 &nbsp;&nbsp;&nbsp; Process.kill breaks up JRuby, while works in MRI on Windows<br></br>
JRUBY-2369 &nbsp;&nbsp;&nbsp; 'ant spec' failures on on MacOS<br></br>
JRUBY-2389 &nbsp;&nbsp;&nbsp; java.util.ConcurrentModificationException<br></br>
JRUBY-2410 &nbsp;&nbsp;&nbsp; Multiple assignment could be made faster by not returning unused array<br></br>
JRUBY-2424 &nbsp;&nbsp;&nbsp; running with -rprofile with multithreaded test causes NPE<br></br>
JRUBY-2426 &nbsp;&nbsp;&nbsp; JRuby trunk does not build with IBM JVM 1.5<br></br>
JRUBY-2435 &nbsp;&nbsp;&nbsp; Aliasing eval and other "special" methods should display a warning<br></br>
JRUBY-2455&nbsp;&nbsp; &nbsp;&nbsp;&nbsp; &nbsp;"jruby" script failed to find JRUBY_HOME leads to class not found<br></br>
JRUBY-2484 &nbsp;&nbsp;&nbsp; unicode symbol not supported as in MRI<br></br>
JRUBY-2504 &nbsp;&nbsp;&nbsp; JAR URLs are inconsistently supported by APIs that access the filesystem<br></br>
JRUBY-2506 &nbsp;&nbsp;&nbsp; Marshal/IO.eof bug<br></br>
JRUBY-2518 &nbsp;&nbsp;&nbsp; Dir["some glob"] doesn't work for files inside a jar<br></br>
JRUBY-2521 &nbsp;&nbsp;&nbsp; Compilation Warning for Sun proprietary API using<br></br>
JRUBY-2522 &nbsp;&nbsp;&nbsp; Can not execute JRuby 1.1.1 "ant test" with IBM JDK<br></br>
JRUBY-2542 &nbsp;&nbsp;&nbsp; DATA.flock causes ClassCastException<br></br>
JRUBY-2545 &nbsp;&nbsp;&nbsp; Recursively locking on a mutex results in deadlock<br></br>
JRUBY-2548 &nbsp;&nbsp;&nbsp; JRuby conversion of String to Java String is arcane<br></br>
JRUBY-2557 &nbsp;&nbsp;&nbsp; NPE when yielding method<br></br>
JRUBY-2603 &nbsp;&nbsp;&nbsp; Couple of new rubyspec failures for URI library<br></br>
JRUBY-2655 &nbsp;&nbsp;&nbsp; TCPSocket.new('localhost', 2001) connects on the wrong interface<br></br>
JRUBY-2661 &nbsp;&nbsp;&nbsp; specs hang under Apple Java 5<br></br>
JRUBY-2672 &nbsp;&nbsp;&nbsp; BasicSocket#close_read and #close_write not working<br></br>
JRUBY-2675 &nbsp;&nbsp;&nbsp; jirb + jline do not work in cygwin<br></br>
JRUBY-2699 &nbsp;&nbsp;&nbsp; If user's PATH contains '.' and 'jruby' resolves to './jruby', JRUBY_HOME is incorrectly set to '.', leading to 'NoClassDefFoundError'<br></br>
JRUBY-2727 &nbsp;&nbsp;&nbsp; ActiveScaffold 1.1.1 fails with JRuby 1.1.2, probable path problem<br></br>
JRUBY-2732 &nbsp;&nbsp;&nbsp; org.jruby.util.RubyInputStream is unused<br></br>
JRUBY-2757 &nbsp;&nbsp;&nbsp; Compiled argument processing and arity checking are too large, too much bytecode<br></br>
JRUBY-2759 &nbsp;&nbsp;&nbsp; Time Zone "MET" maps to Asia/Tehran<br></br>
JRUBY-2761 &nbsp;&nbsp;&nbsp; Thread#wakeup fails when sleep is called with a parameter<br></br>
JRUBY-2772 &nbsp;&nbsp;&nbsp; Zlib::Deflate doesn't appear to deflate<br></br>
JRUBY-2782 &nbsp;&nbsp;&nbsp; "No such file or directory (IOError)" when JAR file named in java.class.path but not active filesystem<br></br>
JRUBY-2788 &nbsp;&nbsp;&nbsp; Make Time.now monotonically increasing<br></br>
JRUBY-2794 &nbsp;&nbsp;&nbsp; Failure in String#crypt specs, Mac OS X, Soylatte<br></br>
JRUBY-2796 &nbsp;&nbsp;&nbsp; Missing constant in Process::Constants on Mac OS X (darwin)<br></br>
JRUBY-2797 &nbsp;&nbsp;&nbsp; File.expand_path rubyspec failure on Mac OS X, Soylatte<br></br>
JRUBY-2802 &nbsp;&nbsp;&nbsp; JRuby wrapped Java objects formerly exposed readers for non-public fields<br></br>
JRUBY-2804 &nbsp;&nbsp;&nbsp; IO.popen of 'yes' process hangs on close<br></br>
JRUBY-2815 &nbsp;&nbsp;&nbsp; System triggered from inside of tracing behaves oddly<br></br>
JRUBY-2817 &nbsp;&nbsp;&nbsp; File.chown works with 64bit JDK, but raises NotImplementedError on 32 bit JDK<br></br>
JRUBY-2820 &nbsp;&nbsp;&nbsp; Most Etc methods behave diferently on Windows under x32 and x64 JVMs<br></br>
JRUBY-2826 &nbsp;&nbsp;&nbsp; Array#pack('w') is broken (exceptions and wrong results)<br></br>
JRUBY-2830 &nbsp;&nbsp;&nbsp; String#unpack with 'w' is completely unimplemented<br></br>
JRUBY-2845 &nbsp;&nbsp;&nbsp; -S switch breaks if you have directory in pwd matching name of file in bin/PATH<br></br>
JRUBY-2846 &nbsp;&nbsp;&nbsp; gem generate_index broken<br></br>
JRUBY-2849 &nbsp;&nbsp;&nbsp; CCE using proc{} in AR callbacks<br></br>
JRUBY-2855 &nbsp;&nbsp;&nbsp; Classpath search order is not respected by require when classpath includes both jars and directories<br></br>
JRUBY-2858 &nbsp;&nbsp;&nbsp; test_file.rb::test_opening_readonly_file_for_write_raises_eacces() fails with "IOError: Permission denied" on FreeBSD 7.0 amd64 + java 1.6.0_07<br></br>
JRUBY-2861 &nbsp;&nbsp;&nbsp; Cannot call super inside a method that overrides a protected method on Java base class<br></br>
JRUBY-2868 &nbsp;&nbsp;&nbsp; ThreadService.getRubyThreadFromThread supports only one non-rubynative thread at a time.<br></br>
JRUBY-2896 &nbsp;&nbsp;&nbsp; jruby -S picks up script from local directory<br></br>
JRUBY-2898 &nbsp;&nbsp;&nbsp; Exception trying to use BSF (java.lang.NoClassDefFoundError: org/apache/bsf/util/BSFEngineImp)<br></br>
JRUBY-2901 &nbsp;&nbsp;&nbsp; JRuby does not support options in shebang line<br></br>
JRUBY-2917 &nbsp;&nbsp;&nbsp; Missing peephole optimizations in parser, compiler<br></br>
JRUBY-2921 &nbsp;&nbsp;&nbsp; Newly overridden methods are not called if the old superclass method has already been called<br></br>
JRUBY-2933 &nbsp;&nbsp;&nbsp; Ruby runtimes are pinned to memory due to ChannelStream<br></br>
JRUBY-2941 &nbsp;&nbsp;&nbsp; popen IO lockup with multiple threads<br></br>
JRUBY-2950 &nbsp;&nbsp;&nbsp; Net::IMAP#authenticate stalls / blocks in recent versions of JRuby<br></br>
JRUBY-2951&nbsp;&nbsp; &nbsp;&nbsp;&nbsp; &nbsp;repeated popen call may throw NULL pointer exception<br></br>
JRUBY-2970 &nbsp;&nbsp;&nbsp; Timeout.rb is not working in special cases (Thread may block whole application).<br></br>
JRUBY-2974 &nbsp;&nbsp;&nbsp; multi-byte exception message turned into garbled characters when Java Exception nested NativeException.<br></br>
JRUBY-2979 &nbsp;&nbsp;&nbsp; File#getc fails on illegal seek when reading from /dev/ttyS0 on Linux<br></br>
JRUBY-2981 &nbsp;&nbsp;&nbsp; alias_method_chain pattern is extremely show on jruby<br></br>
JRUBY-2982 &nbsp;&nbsp;&nbsp; Unicode regular expressions by UTF-8 don't work<br></br>
JRUBY-2988 &nbsp;&nbsp;&nbsp; jirb does not echo characters to the terminal after suspend and resume in the shell<br></br>
JRUBY-2997 &nbsp;&nbsp;&nbsp; Dir[] results in NPE depending on permissions<br></br>
JRUBY-2999 &nbsp;&nbsp;&nbsp; Regression: Inheriting method with same name from two Java interfaces causes Java classloader error<br></br>
JRUBY-3000 &nbsp;&nbsp;&nbsp; integration issues with Java classes containing inner classes<br></br>
JRUBY-3003 &nbsp;&nbsp;&nbsp; ArrayStoreException in compiler when calling Array.fill<br></br>
JRUBY-3005 &nbsp;&nbsp;&nbsp; Stomp gem hangs in Stomp::Client#subscribe<br></br>
JRUBY-3007 &nbsp;&nbsp;&nbsp; Message method value of Exception is missing in Java when exception raised in ruby<br></br>
JRUBY-3011 &nbsp;&nbsp;&nbsp; java classes with non-public constructors are incorrectly instantiated<br></br>
JRUBY-3017 &nbsp;&nbsp;&nbsp; DRb "premature header" error on JRuby client<br></br>
JRUBY-3035 &nbsp;&nbsp;&nbsp; Get Rails tests running in a CI server somewhere before 1.1.6 release, to ensure no future breakages<br></br>
JRUBY-3038 &nbsp;&nbsp;&nbsp; Unable to insert YAML into t.text field (behavior different from Ruby 1.8.6)<br></br>
JRUBY-3054 &nbsp;&nbsp;&nbsp; Thread#status is "run" when thread is blocking on condition variable<br></br>
JRUBY-3055 &nbsp;&nbsp;&nbsp; permission javax.management.MBeanServerPermission "createMBeanServer";<br></br>
JRUBY-3061 &nbsp;&nbsp;&nbsp; NKF(unsupported Q encode stream)<br></br>
JRUBY-3065 &nbsp;&nbsp;&nbsp; New public LoadService#findFileToLoad method<br></br>
JRUBY-3071 &nbsp;&nbsp;&nbsp; Illegal seek error trying to read() from pipe<br></br>
JRUBY-3073 &nbsp;&nbsp;&nbsp; JRuby script engine does not load on IBM JDK<br></br>
JRUBY-3076 &nbsp;&nbsp;&nbsp; RubyUDPSocket.send tries to do inet address lookup, pauses too long for inet6 failure<br></br>
JRUBY-3077 &nbsp;&nbsp;&nbsp; Update ruby_test tests and incorporate changes into build<br></br>
JRUBY-3085 &nbsp;&nbsp;&nbsp; Add constant caching for Colon2 and Colon3 (specific module and Object cases)<br></br>
JRUBY-3088 &nbsp;&nbsp;&nbsp; "RStone" port of PyStone is slower on JRuby than 1.9<br></br>
JRUBY-3089 &nbsp;&nbsp;&nbsp; Digest::Base stores in memory all bytes passed to the digest, causing OutOfMemoryError<br></br>
JRUBY-3103 &nbsp;&nbsp;&nbsp; Compiler closures use two different binding mechanisms, need better construction and caching logic<br></br>
JRUBY-3109 &nbsp;&nbsp;&nbsp; Update stdlib to an appropriate 1.8.6 patchlevel<br></br>
JRUBY-3116 &nbsp;&nbsp;&nbsp; ArrayIndexOutOfBoundsException in tmail<br></br>
JRUBY-3120 &nbsp;&nbsp;&nbsp; Regression: error serializing array of objects with custom to_yaml def to yaml<br></br>
JRUBY-3125 &nbsp;&nbsp;&nbsp; Some Socket constants not supported.<br></br>
JRUBY-3127 &nbsp;&nbsp;&nbsp; Inconsistent DynamicScope instances in evalScriptlet<br></br>
JRUBY-3128 &nbsp;&nbsp;&nbsp; Different jruby behaviour that ruby 1.8.6/1.8.7/1.9 when running file that is named as one of required file.<br></br>
JRUBY-3142 &nbsp;&nbsp;&nbsp; Dir.pwd correctly displays dirs with unicode characters in them<br></br>
JRUBY-3146 &nbsp;&nbsp;&nbsp; Time#_dump RubySpec failures<br></br>
JRUBY-3147 &nbsp;&nbsp;&nbsp; Time#_load RubySpec failures<br></br>
JRUBY-3148 &nbsp;&nbsp;&nbsp; Array#fill spec failures<br></br>
JRUBY-3152 &nbsp;&nbsp;&nbsp; Process.times returns invalid values<br></br>
JRUBY-3158 &nbsp;&nbsp;&nbsp; Wrong ruby methods called on object of same class from Java code.<br></br>
JRUBY-3160 &nbsp;&nbsp;&nbsp; REXML returns error for add_attribute<br></br>
JRUBY-3174 &nbsp;&nbsp;&nbsp; FFI MemoryPointer#get_string(0, x) gets confused by null byte in the buffer<br></br>
JRUBY-3175 &nbsp;&nbsp;&nbsp; Cloning java byte array returns incorrect object<br></br>
JRUBY-3177 &nbsp;&nbsp;&nbsp; ConcurrentModificationException<br></br>
JRUBY-3178 &nbsp;&nbsp;&nbsp; http spec tests fail when webrick starts on address 0.0.0.0<br></br>
JRUBY-3179 &nbsp;&nbsp;&nbsp; JRuby can't handle do/end blocks within String-inlined expressions<br></br>
JRUBY-3180 &nbsp;&nbsp;&nbsp; Class in default package can't be reopened under Java namespace<br></br>
JRUBY-3187 &nbsp;&nbsp;&nbsp; JRuby command line scripts do not work with spaces in the path<br></br>
JRUBY-3190 &nbsp;&nbsp;&nbsp; method `module_eval' for main:Object should be undefined?<br></br>
JRUBY-3204&nbsp;&nbsp; &nbsp;&nbsp;&nbsp; &nbsp;IO.read and IO.readlines do not take a block<br></br>
JRUBY-3207 &nbsp;&nbsp;&nbsp; super error message is inaccurate when superclass doesn't implement method.<br></br>
JRUBY-3208 &nbsp;&nbsp;&nbsp; ant task api-docs runs out of memory, patch included<br></br>
JRUBY-3211 &nbsp;&nbsp;&nbsp; builder library is slower in JRuby than in MRI<br></br>
JRUBY-3214 &nbsp;&nbsp;&nbsp; load and require don't work correctly for .class files<br></br>
JRUBY-3217 &nbsp;&nbsp;&nbsp; Memory Leak with Adopted Threads<br></br>
JRUBY-3218 &nbsp;&nbsp;&nbsp; Import is sometimes confused by unquoted class name<br></br>
JRUBY-3221 &nbsp;&nbsp;&nbsp; Rubinius -bad instanceof tests in RubiniusMachine for attempt at fast path evaluation<br></br>
JRUBY-3224 &nbsp;&nbsp;&nbsp; Array#to_java with java object reference doesn't carry over object identity<br></br>
JRUBY-3226 &nbsp;&nbsp;&nbsp; Including more than one java interface stops Test::Unit execution<br></br>
JRUBY-3232 &nbsp;&nbsp;&nbsp; Zlib::GzipReader.each_line yields compressed data<br></br>
JRUBY-3233 &nbsp;&nbsp;&nbsp; JRuby with Rails 2.2.2 unable to instantiate a java class<br></br>
JRUBY-3234 &nbsp;&nbsp;&nbsp; Difference in require behaviour with MRI with ".rb" suffix<br></br>
JRUBY-3238 &nbsp;&nbsp;&nbsp; Jruby 1.1.7 still leaking weakreferences<br></br>
JRUBY-3242 &nbsp;&nbsp;&nbsp; Performance degradation on write operations<br></br>
JRUBY-3244 &nbsp;&nbsp;&nbsp; [PATCH] Support atime updates via utime<br></br>
JRUBY-3248 &nbsp;&nbsp;&nbsp; jruby can't load file produced with jrubyc<br></br>
JRUBY-3250 &nbsp;&nbsp;&nbsp; test_java_pkcs7.rb - Problem coercing Bignum into class java.math.BigInteger<br></br>
JRUBY-3251 &nbsp;&nbsp;&nbsp; ConcurrencyError bug when installing Merb on JRuby<br></br>
JRUBY-3253 &nbsp;&nbsp;&nbsp; Lack of default jruby.home in embedded usage causes NPE<br></br>
JRUBY-3254 &nbsp;&nbsp;&nbsp; Make JRuby's Time#local behave more like MRI<br></br>
JRUBY-3255 &nbsp;&nbsp;&nbsp; jruby -S script/server fails in Rails application<br></br>
JRUBY-3257 &nbsp;&nbsp;&nbsp; RaiseException#printStrackTrace doesn't deal well with nil messages<br></br>
JRUBY-3262 &nbsp;&nbsp;&nbsp; JRuby 1.1.6 regression: ClassFormatError if Ruby superclass of Ruby class implements super-interface of Java interface<br></br>
JRUBY-3267 &nbsp;&nbsp;&nbsp; patch attached to update eclipse .classpath to refer to bytelist-1.0.1.jar<br></br>
JRUBY-3269 &nbsp;&nbsp;&nbsp; SystemStackError with YAML.dump<br></br>
JRUBY-3270 &nbsp;&nbsp;&nbsp; using activerecord 'to_xml' method crashes JRuby (and debugger)<br></br>
JRUBY-3274 &nbsp;&nbsp;&nbsp; Many new Array#pack failures in updated RubySpecs<br></br>
JRUBY-3275 &nbsp;&nbsp;&nbsp; New ARGF spec failures<br></br>
JRUBY-3276 &nbsp;&nbsp;&nbsp; New IO#readpartial and IO#seek spec failures<br></br>
JRUBY-3277 &nbsp;&nbsp;&nbsp; Constant lookup should omit topmost lexical scope; not bail out on first Object-hosting lexical scope<br></br>
JRUBY-3280 &nbsp;&nbsp;&nbsp; patch attached to update eclipse .classpath to add new jars in build_lib/<br></br>
JRUBY-3287 &nbsp;&nbsp;&nbsp; Add public RubyInstanceConfig#setCompatVersion<br></br>
JRUBY-3289 &nbsp;&nbsp;&nbsp; ArgumentError: dump format error() when unmarshalling Rails session and EOFError when unmarshalling hash with containing value of type ActionController::Flash::FlashHash<br></br>
JRUBY-3290 &nbsp;&nbsp;&nbsp; Float range to restrictive in FFI code<br></br>
JRUBY-3296 &nbsp;&nbsp;&nbsp; Etc.getpwuid should raise TypeError if invalid type<br></br>
JRUBY-3298 &nbsp;&nbsp;&nbsp; Kernel.srand calls #to_i on number<br></br>
JRUBY-3303 &nbsp;&nbsp;&nbsp; [1.9] splat of array at front of assignment broken (same for other grammatical constructs)<br></br>
JRUBY-3305 &nbsp;&nbsp;&nbsp; Fixnums &amp; Floats should be coerced to the narrowest java.lang.Number when passed to a java method that expects Object<br></br>
JRUBY-3307 &nbsp;&nbsp;&nbsp; tempfile.rb sucks in JRuby<br></br>
JRUBY-3308 &nbsp;&nbsp;&nbsp; Deadlock between RubyModule.includeModule() and RubyClass.invalidateCacheDescendants()<br></br>
JRUBY-3310 &nbsp;&nbsp;&nbsp; Race condition in JRuby when Active Support is overriding Kernel.require<br></br>
JRUBY-3314 &nbsp;&nbsp;&nbsp; Pull in final 1.9.1 stdlib when released<br></br>
JRUBY-3316 &nbsp;&nbsp;&nbsp; Group expression class path fails to parse<br></br>
JRUBY-3317 &nbsp;&nbsp;&nbsp; require "tempfile"; Dir.tmpdir fails<br></br>
JRUBY-3318 &nbsp;&nbsp;&nbsp; If 'jruby' executable is a relative symlink, JRuby won't start<br></br>
JRUBY-3324 &nbsp;&nbsp;&nbsp; Error in string encoding conversion<br></br>
JRUBY-3328 &nbsp;&nbsp;&nbsp; Incorrect behavior for case/when when true or false are the first conditions<br></br>
JRUBY-3329 &nbsp;&nbsp;&nbsp; Major divergence in threading behaviour between Ruby 1.8.6 and JRuby 1.1.6<br></br>
JRUBY-3331 &nbsp;&nbsp;&nbsp; to_f near Float::MAX<br></br>
JRUBY-3332&nbsp;&nbsp; &nbsp;&nbsp;&nbsp; &nbsp;ConcurrentModificationException In Application Startup<br></br>
JRUBY-3339 &nbsp;&nbsp;&nbsp; java.lang.ArrayIndexOutOfBoundsException in RubyArray.java<br></br>
JRUBY-3340 &nbsp;&nbsp;&nbsp; String#unpack('m') fails with ArrayIndexOutOfBoundsException<br></br>
JRUBY-3351 &nbsp;&nbsp;&nbsp; Tempfile defaults to a directory that does not exist on Windows<br></br>
JRUBY-3360 &nbsp;&nbsp;&nbsp; Pure-Java tempfile does not use a #make_tmpname callback<br></br>
JRUBY-3361 &nbsp;&nbsp;&nbsp; Compiled case/when blows up with arrays as when clauses<br></br>
JRUBY-3362 &nbsp;&nbsp;&nbsp; attr_accessor, attr_reader, attr_writer, and attr not obeying visibility<br></br>
JRUBY-3363 &nbsp;&nbsp;&nbsp; OutOfMemoryError when using soap4r on jruby 1.1.6<br></br>
JRUBY-3365 &nbsp;&nbsp;&nbsp; Objects with custom to_yaml methods break collection to_yaml<br></br>
JRUBY-3366 &nbsp;&nbsp;&nbsp; Faulty marshalling error blows up in ActiveSupport<br></br>
JRUBY-3367 &nbsp;&nbsp;&nbsp; Dir.glob processes nested braces incorrectly<br></br>
JRUBY-3372 &nbsp;&nbsp;&nbsp; [PATCH] FFI: passing nil for a declared string parameter blows up<br></br>
JRUBY-3373 &nbsp;&nbsp;&nbsp; [PATCH] FFI: assigning Struct to a pointer fails<br></br>
JRUBY-3374 &nbsp;&nbsp;&nbsp; [PATCH] FFI::ManagedStruct instantiated objects are of the wrong class<br></br>
JRUBY-3375 &nbsp;&nbsp;&nbsp; 'attr' implementation is incompatible with MRI 1.9.1 behavior<br></br>
JRUBY-3377 &nbsp;&nbsp;&nbsp; Need FFI platform files generated for x86_64 darwin<br></br>
JRUBY-3386 &nbsp;&nbsp;&nbsp; Array#eql? rubyspec failure<br></br>
JRUBY-3387 &nbsp;&nbsp;&nbsp; Array#== rubyspec failure<br></br>
JRUBY-3390 &nbsp;&nbsp;&nbsp; RubySpec: Numeric#coerce calls #to_f to convert other if self responds to #to_f<br></br>
JRUBY-3392 &nbsp;&nbsp;&nbsp; RubySpec: Thread.stop resets Thread.critical to false<br></br>
JRUBY-3397 &nbsp;&nbsp;&nbsp; defined? CONST is not following proper constant lookup rules<br></br>
JRUBY-3398 &nbsp;&nbsp;&nbsp; Attributes defined from Java tried to use current frame for visibility<br></br>
JRUBY-3405 &nbsp;&nbsp;&nbsp; popen breaks input channel for IRB<br></br>
JRUBY-3407 &nbsp;&nbsp;&nbsp; FFI Stack Level Too Deep on Library.send(:method, args)<br></br>
JRUBY-3408 &nbsp;&nbsp;&nbsp; FFI non-string args for methods are turned into strings anyway<br></br>
JRUBY-3410 &nbsp;&nbsp;&nbsp; Add -y flag to debug the parser<br></br>
JRUBY-3411 &nbsp;&nbsp;&nbsp; JRuby does not build or run on AIX due to exceptions in org.jruby.ext.ffi.Platform<br></br>
JRUBY-3420 &nbsp;&nbsp;&nbsp; [PATCH] Added basic_word_break_characters method to Readline<br></br>
JRUBY-3432 &nbsp;&nbsp;&nbsp; String#hash needs to be made encoding-aware<br></br>
JRUBY-3436 &nbsp;&nbsp;&nbsp; [PATCH] FFI should allow passing nil as a callback parameter<br></br>
JRUBY-3437 &nbsp;&nbsp;&nbsp; pid-returning methods should make a best effort to get a real pid<br></br>
JRUBY-3439 &nbsp;&nbsp;&nbsp; super in top level go boom</p>
                </div>
                            <div class="endsection">
                <b>Posted at Feb 24, 2009</b> by
                
                <a href="http://docs.codehaus.org/display/~enebo">Thomas E Enebo</a>                |
                
                                    <a href="http://docs.codehaus.org/display/JRUBY/2009/02/24/JRuby+1.2.0RC1+Released?showComments=true#comments">0 comments</a>
                                            </div>
        </div>
    
                    <div class="blogSurtitle">
                <img src="http://docs.codehaus.org/images/icons/blogentry_16.gif" height="16" width="16" border="0" align="absmiddle"></img>
                <a class="blogDate" href="http://docs.codehaus.org/display/JRUBY/2008/12/17">Wednesday, December 17, 2008</a>
            </div>
        
        <div class="blogpost" style="margin-bottom: 30px">
            <div><a class="blogHeading" href="http://docs.codehaus.org/display/JRUBY/2008/12/17/JRuby+1.1.6+Released">JRuby 1.1.6 Released</a></div>

            <div class="pagesubheading">
                            Last changed Dec 17, 2008 14:54 by <a href="http://docs.codehaus.org/display/~enebo">Thomas E Enebo</a>
                                            </div>
                <div class="wiki-content">
                 <p>The JRuby community is pleased to announce the release of JRuby 1.1.6</p>

<p>Homepage: <a href="http://www.jruby.org/">http://www.jruby.org/</a><br></br>
Download: <a href="http://dist.codehaus.org/jruby/1.1.6">http://dist.codehaus.org/jruby/1.1.6</a></p>

<p>JRuby 1.1.6 is the sixth point release of JRuby 1.1.&nbsp; The fixes in this<br></br>
release are primarily obvious compatibility problems and performance<br></br>
enhancements.&nbsp; Our goal is to put out point releases more frequently for<br></br>
the next several months (about 3-4 weeks a release).&nbsp; We want a more<br></br>
rapid release cycle to better address issues brought up by users of JRuby.</p>

<p>Highlights:<br></br>
- Additional Ruby 1.9 support (via --1.9)<br></br>
&nbsp; - Full 1.9 parser<br></br>
&nbsp; - Most core 1.9 methods/libraries/classes<br></br>
- An evergrowing list of dead IO references bug fixed<br></br>
- Much faster Array.sort<br></br>
- Run gems out of jar files without having to unpack them.<br></br>
- Store gem repositories in jars and load them via the classpath.<br></br>
- Improved JavaEmbedUtils for embedders<br></br>
- Removed two measurable memory leaks during RC process<br></br>
- 74 bugs fixed since 1.1.5</p>

<p>Key &nbsp;&nbsp;&nbsp; &nbsp; Summary<br></br>
JRUBY-441&nbsp; &nbsp;&nbsp;&nbsp; &nbsp; Java integration code does not report errors well<br></br>
JRUBY-1133 &nbsp;&nbsp; &nbsp;$KCODE is ignored when multibyte character is used inside regular expression<br></br>
JRUBY-1181 &nbsp;&nbsp; &nbsp;Rake batch file for Windows environments<br></br>
JRUBY-1476 &nbsp;&nbsp; &nbsp;jruby.home extraction / jar-complete / content mismatch<br></br>
JRUBY-1489 &nbsp;&nbsp; &nbsp;Adding encapulated parse methods for external uses, such as JSR223 API implementation<br></br>
JRUBY-1801 &nbsp;&nbsp; &nbsp;Support Ruby 1.9 stabby lambda syntax<br></br>
JRUBY-2028 &nbsp;&nbsp; &nbsp;LocalJumpError is displayed when a block is invoked in a java thread.<br></br>
JRUBY-2183 &nbsp;&nbsp; &nbsp;handling method_missing is slower than in MRI<br></br>
JRUBY-2198 &nbsp;&nbsp; &nbsp;Array#sort is slower than MRI<br></br>
JRUBY-2209 &nbsp;&nbsp; &nbsp;An Interrupt wipes out END {} blocks<br></br>
JRUBY-2210 &nbsp;&nbsp; &nbsp;permissions on $JRUBY_HOME/lib/ruby/gem/1.8 not wide enough<br></br>
JRUBY-2224 &nbsp;&nbsp; &nbsp;jirb breaks method_added for classes<br></br>
JRUBY-2279 &nbsp;&nbsp; &nbsp;JRuby's Signal pollutes Kernel namespace with signal-specific constants<br></br>
JRUBY-2290 &nbsp;&nbsp; &nbsp;form.datetime_select not working with IE in 1.1RC2 (but does with Firefox)<br></br>
JRUBY-2301 &nbsp;&nbsp; &nbsp;JRuby script would work when java is installed but JAVA_HOME not set<br></br>
JRUBY-2380 &nbsp;&nbsp; &nbsp;Thread.list has a race condition<br></br>
JRUBY-2546 &nbsp;&nbsp; &nbsp;Using reflection to set a String on a field results in an error<br></br>
JRUBY-2602 &nbsp;&nbsp; &nbsp;Lots of Readline::HISTORY rubyspec failures<br></br>
JRUBY-2613 &nbsp;&nbsp; &nbsp;Readline.readline wants two arguments<br></br>
JRUBY-2703 &nbsp;&nbsp; &nbsp;Indexed methods are no longer supported, and options and code related to them should be removed or deprecated.<br></br>
JRUBY-2746 &nbsp;&nbsp; &nbsp;jruby -S flag does not search PATH, not support relative locations within PATH<br></br>
JRUBY-2780 &nbsp;&nbsp; &nbsp;RegexpError: target of repeat operator is invalid<br></br>
JRUBY-2798 &nbsp;&nbsp; &nbsp;File.open rubyspec failure on Mac OS X, Soylatte<br></br>
JRUBY-2799 &nbsp;&nbsp; &nbsp;Need some mechanism to call masked java methods (initialize)<br></br>
JRUBY-2834 &nbsp;&nbsp; &nbsp;More than 50 RubySpec failures for ARGF<br></br>
JRUBY-2852 &nbsp;&nbsp; &nbsp;rcov.rb:654:in `aggregate_data': NilClass can't be coerced into Fixnum (TypeError) when running jruby -S rake spec:rcov<br></br>
JRUBY-2948 &nbsp;&nbsp; &nbsp;Exceptions do not cut off at binding evals after change reported in JRUBY-2945<br></br>
JRUBY-3078 &nbsp;&nbsp; &nbsp;require should be made either threadsafe or guaranteed to run the discovered file exactly once<br></br>
JRUBY-3104 &nbsp;&nbsp; &nbsp;Ruby 1.9 parser support<br></br>
JRUBY-3107 &nbsp;&nbsp; &nbsp;Ability to get extra position information from DefaultRubyParser<br></br>
JRUBY-3108 &nbsp;&nbsp; &nbsp;a REXML XPath query fails to run correctly<br></br>
JRUBY-3111 &nbsp;&nbsp; &nbsp;JRuby does not handle '@' sign in YAML file correctly.<br></br>
JRUBY-3112 &nbsp;&nbsp; &nbsp;Some Ruby instances are not roundtripping from Ruby to Java and back<br></br>
JRUBY-3117 &nbsp;&nbsp; &nbsp;Constant lookup from method inside class ::Object is incorrect<br></br>
JRUBY-3118 &nbsp;&nbsp; &nbsp;Creating a subclass of MatchData that's instantiable blows up because there's no allocator<br></br>
JRUBY-3122 &nbsp;&nbsp; &nbsp;Arity.required(3) ends up reporting the wrong arity<br></br>
JRUBY-3126 &nbsp;&nbsp; &nbsp;Allow Rubygems to be loaded and used from within jar files<br></br>
JRUBY-3130 &nbsp;&nbsp; &nbsp;JRuby selects wrong static method on Java class<br></br>
JRUBY-3131 &nbsp;&nbsp; &nbsp;obj.send :binding does not set the binding's 'self' to obj<br></br>
JRUBY-3132 &nbsp;&nbsp; &nbsp;String.split is broken<br></br>
JRUBY-3133 &nbsp;&nbsp; &nbsp;'jgem update' causes: java.lang.AssertionError: UpdateCommand is not interned<br></br>
JRUBY-3134 &nbsp;&nbsp; &nbsp;Define RubyRange.min/max<br></br>
JRUBY-3135 &nbsp;&nbsp; &nbsp;RubyException doesn't define to_str<br></br>
JRUBY-3138 &nbsp;&nbsp; &nbsp;import 'java.lang' and similar break due to missing PackageSearch class<br></br>
JRUBY-3140 &nbsp;&nbsp; &nbsp;Const lookup failures in precompiled specs<br></br>
JRUBY-3141 &nbsp;&nbsp; &nbsp;Array index error in JCodings running latest String#rindex specs<br></br>
JRUBY-3145 &nbsp;&nbsp; &nbsp;Module#include detects cyclic includes<br></br>
JRUBY-3149 &nbsp;&nbsp; &nbsp;Float#to_s returns a string representation of self, possibly Nan, -Infinity, +Infinity<br></br>
JRUBY-3155 &nbsp;&nbsp; &nbsp;TCPSocket#puts block when the socket is waiting in read<br></br>
JRUBY-3156 &nbsp;&nbsp; &nbsp;Import of Java classes in "main" object has no effect<br></br>
JRUBY-3161&nbsp; &nbsp;&nbsp;&nbsp; &nbsp; java interface in base class cannot implement in derived class<br></br>
JRUBY-3162 &nbsp;&nbsp; &nbsp;Dir.glob does not like encodings, and will fail when used with File.expand_path<br></br>
JRUBY-3172 &nbsp;&nbsp; &nbsp;Error in YAML.dump<br></br>
JRUBY-3173 &nbsp;&nbsp; &nbsp;require in 1.1.5 prefers files in the current directory despite loadpath (even with "." removed)<br></br>
JRUBY-3176 &nbsp;&nbsp; &nbsp;Thread#wakeup doesn't wake up a sleeping thread<br></br>
JRUBY-3181 &nbsp;&nbsp; &nbsp;[PATCH] Stack trace lost when re-raising an exception<br></br>
JRUBY-3182 &nbsp;&nbsp; &nbsp;Symlink doesn't work with relative path destinations and Dir.chdir<br></br>
JRUBY-3185 &nbsp;&nbsp; &nbsp;Ruby.descriptors was leaking endless WeakReferences (with Integer key).<br></br>
JRUBY-3188 &nbsp;&nbsp; &nbsp;NPE when loading file in tzinfo (used by ActiveSupport)<br></br>
JRUBY-3189 &nbsp;&nbsp; &nbsp;java.lang.Iterable should have an each method<br></br>
JRUBY-3191 &nbsp;&nbsp; &nbsp;Including same Java interface twice causes ClassFormatError<br></br>
JRUBY-3192 &nbsp;&nbsp; &nbsp;Return type coercion to java interfaces broken by new JI<br></br>
JRUBY-3195 &nbsp;&nbsp; &nbsp;jruby-openssl fails to load but reports no error<br></br>
JRUBY-3197 &nbsp;&nbsp; &nbsp;Fix "undefined method `uid' for nil:NilClass" problem with Rubygems 1.3.1<br></br>
JRUBY-3198 &nbsp;&nbsp; &nbsp;String#slice! not working correctly when used with string read from file<br></br>
JRUBY-3201 &nbsp;&nbsp; &nbsp;JRubyApplet failing when using TrivialFacade.<br></br>
JRUBY-3209 &nbsp;&nbsp; &nbsp;"java -jar jruby-complete.jar -S jirb" does not run if ~/.jruby exists<br></br>
JRUBY-3210 &nbsp;&nbsp; &nbsp;the ./ behavior with load is not MRI compatible<br></br>
JRUBY-3213 &nbsp;&nbsp; &nbsp;for loop broken for 1.9<br></br>
JRUBY-3217 &nbsp;&nbsp; &nbsp;Memory Leak with Adopted Threads<br></br>
JRUBY-3225 &nbsp;&nbsp; &nbsp;[Regression] slowdown in Jruby 1.1.6RC2 using Rails 2.1.1<br></br>
JRUBY-3230 &nbsp;&nbsp; &nbsp;Hpricot broke from 1.5 to 1.6<br></br>
JRUBY-3233 &nbsp;&nbsp; &nbsp;JRuby with Rails 2.2.2 unable to instantiate a java class<br></br>
JRUBY-3234 &nbsp;&nbsp; &nbsp;Difference in require behaviour with MRI with ".rb" suffix</p>
                </div>
                            <div class="endsection">
                <b>Posted at Dec 17, 2008</b> by
                
                <a href="http://docs.codehaus.org/display/~enebo">Thomas E Enebo</a>                |
                
                                    <a href="http://docs.codehaus.org/display/JRUBY/2008/12/17/JRuby+1.1.6+Released?showComments=true#comments">0 comments</a>
                                            </div>
        </div>
    
                    <div class="blogSurtitle">
                <img src="http://docs.codehaus.org/images/icons/blogentry_16.gif" height="16" width="16" border="0" align="absmiddle"></img>
                <a class="blogDate" href="http://docs.codehaus.org/display/JRUBY/2008/12/04">Thursday, December 4, 2008</a>
            </div>
        
        <div class="blogpost" style="margin-bottom: 30px">
            <div><a class="blogHeading" href="http://docs.codehaus.org/display/JRUBY/2008/12/04/JRuby+1.1.6RC1+Released">JRuby 1.1.6RC1 Released</a></div>

            <div class="pagesubheading">
                            Last changed Dec 04, 2008 08:23 by <a href="http://docs.codehaus.org/display/~enebo">Thomas E Enebo</a>
                                            </div>
                <div class="wiki-content">
                 <p>The JRuby community is pleased to announce the release of JRuby 1.1.6RC1!</p>

<p>Homepage: <a href="http://www.jruby.org/">http://www.jruby.org/</a><br></br>
Download: <a href="http://dist.codehaus.org/jruby/">http://dist.codehaus.org/jruby/</a></p>

<p>JRuby 1.1.6RC1 is the first release candidate for our sixth point release of<br></br>
JRuby 1.1.&nbsp; The fixes in this release are primarily obvious compatibility<br></br>
problems and performance enhancements.&nbsp; Our goal is to put out point releases<br></br>
more frequently for the next several months (about 3-4 weeks a release).&nbsp; We<br></br>
want a more rapid release cycle to better address issues brought up by users<br></br>
of JRuby.&nbsp; If we find no major problems with 1.1.6RC1 we will release the final<br></br>
version of 1.1.6 early next week.</p>

<p>***<b>Please try your apps against 1.1.6RC1 ASAP and report problems</b>***</p>

<p>Highlights:<br></br>
- Additional Ruby 1.9 support (via --1.9)<br></br>
&nbsp; - Full 1.9 parser<br></br>
&nbsp; - Most core 1.9 methods/libraries/classes<br></br>
- An evergrowing list of dead IO references bug fixed<br></br>
- Much faster Array.sort<br></br>
- Run gems out of jar files without having to unpack them.<br></br>
- Store gem repositories in jars and load them via the classpath.<br></br>
- Improved JavaEmbedUtils for embedders<br></br>
- 67 bugs fixed since 1.1.5</p>

<p>Key &nbsp;&nbsp;&nbsp; &nbsp; Summary<br></br>
JRUBY-3131 &nbsp;&nbsp; &nbsp;obj.send :binding does not set the binding's 'self' to obj<br></br>
JRUBY-3188 &nbsp;&nbsp; &nbsp;NPE when loading file in tzinfo (used by ActiveSupport)<br></br>
JRUBY-3181 &nbsp;&nbsp; &nbsp;[PATCH] Stack trace lost when re-raising an exception<br></br>
JRUBY-3197 &nbsp;&nbsp; &nbsp;Fix "undefined method `uid' for nil:NilClass" problem with Rubygems 1.3.1<br></br>
JRUBY-3126 &nbsp;&nbsp; &nbsp;Allow Rubygems to be loaded and used from within jar files<br></br>
JRUBY-3141 &nbsp;&nbsp; &nbsp;Array index error in JCodings running latest String#rindex specs<br></br>
JRUBY-3135 &nbsp;&nbsp; &nbsp;RubyException doesn't define to_str<br></br>
JRUBY-3118 &nbsp;&nbsp; &nbsp;Creating a subclass of MatchData that's instantiable blows up because there's no allocator<br></br>
JRUBY-3162 &nbsp;&nbsp; &nbsp;Dir.glob does not like encodings, and will fail when used with File.expand_path<br></br>
JRUBY-3108 &nbsp;&nbsp; &nbsp;a REXML XPath query fails to run correctly<br></br>
JRUBY-3132 &nbsp;&nbsp; &nbsp;String.split is broken<br></br>
JRUBY-441 &nbsp;&nbsp; &nbsp;Java integration code does not report errors well<br></br>
JRUBY-1801 &nbsp;&nbsp; &nbsp;Support Ruby 1.9 stabby lambda syntax<br></br>
JRUBY-2183 &nbsp;&nbsp; &nbsp;handling method_missing is slower than in MRI<br></br>
JRUBY-2279 &nbsp;&nbsp; &nbsp;JRuby's Signal pollutes Kernel namespace with signal-specific constants<br></br>
JRUBY-2209 &nbsp;&nbsp; &nbsp;An Interrupt wipes out END {} blocks<br></br>
JRUBY-2290 &nbsp;&nbsp; &nbsp;form.datetime_select not working with IE in 1.1RC2 (but does with Firefox)<br></br>
JRUBY-2798 &nbsp;&nbsp; &nbsp;File.open rubyspec failure on Mac OS X, Soylatte<br></br>
JRUBY-2546 &nbsp;&nbsp; &nbsp;Using reflection to set a String on a field results in an error<br></br>
JRUBY-3122 &nbsp;&nbsp; &nbsp;Arity.required(3) ends up reporting the wrong arity<br></br>
JRUBY-2746 &nbsp;&nbsp; &nbsp;jruby -S flag does not search PATH, not support relative locations within PATH<br></br>
JRUBY-3182 &nbsp;&nbsp; &nbsp;Symlink doesn't work with relative path destinations and Dir.chdir<br></br>
JRUBY-3104 &nbsp;&nbsp; &nbsp;Ruby 1.9 parser support<br></br>
JRUBY-3185 &nbsp;&nbsp; &nbsp;Ruby.descriptors was leaking endless WeakReferences (with Integer key).<br></br>
JRUBY-3111 &nbsp;&nbsp; &nbsp;JRuby does not handle '@' sign in YAML file correctly.<br></br>
JRUBY-3191 &nbsp;&nbsp; &nbsp;Including same Java interface twice causes ClassFormatError<br></br>
JRUBY-3192 &nbsp;&nbsp; &nbsp;Return type coercion to java interfaces broken by new JI<br></br>
JRUBY-3134 &nbsp;&nbsp; &nbsp;Define RubyRange.min/max<br></br>
JRUBY-3078 &nbsp;&nbsp; &nbsp;require should be made either threadsafe or guaranteed to run the discovered file exactly once<br></br>
JRUBY-2852 &nbsp;&nbsp; &nbsp;rcov.rb:654:in `aggregate_data': NilClass can't be coerced into Fixnum (TypeError) when running jruby -S rake spec:rcov<br></br>
JRUBY-3138 &nbsp;&nbsp; &nbsp;import 'java.lang' and similar break due to missing PackageSearch class<br></br>
JRUBY-3117 &nbsp;&nbsp; &nbsp;Constant lookup from method inside class ::Object is incorrect<br></br>
JRUBY-3145 &nbsp;&nbsp; &nbsp;Module#include detects cyclic includes<br></br>
JRUBY-3189 &nbsp;&nbsp; &nbsp;java.lang.Iterable should have an each method<br></br>
JRUBY-3161 &nbsp;&nbsp; &nbsp;java interface in base class cannot implement in derived class<br></br>
JRUBY-3176 &nbsp;&nbsp; &nbsp;Thread#wakeup doesn't wake up a sleeping thread<br></br>
JRUBY-3195 &nbsp;&nbsp; &nbsp;jruby-openssl fails to load but reports no error<br></br>
JRUBY-2613 &nbsp;&nbsp; &nbsp;Readline.readline wants two arguments<br></br>
JRUBY-2834 &nbsp;&nbsp; &nbsp;More than 50 RubySpec failures for ARGF<br></br>
JRUBY-3149 &nbsp;&nbsp; &nbsp;Float#to_s returns a string representation of self, possibly Nan, -Infinity, +Infinity<br></br>
JRUBY-3198 &nbsp;&nbsp; &nbsp;String#slice! not working correctly when used with string read from file<br></br>
JRUBY-3107 &nbsp;&nbsp; &nbsp;Ability to get extra position information from DefaultRubyParser<br></br>
JRUBY-2780 &nbsp;&nbsp; &nbsp;RegexpError: target of repeat operator is invalid<br></br>
JRUBY-2380 &nbsp;&nbsp; &nbsp;Thread.list has a race condition<br></br>
JRUBY-3155 &nbsp;&nbsp; &nbsp;TCPSocket#puts block when the socket is waiting in read<br></br>
JRUBY-2948 &nbsp;&nbsp; &nbsp;Exceptions do not cut off at binding evals after change reported in JRUBY-2945<br></br>
JRUBY-3133 &nbsp;&nbsp; &nbsp;'jgem update' causes: java.lang.AssertionError: UpdateCommand is not interned<br></br>
JRUBY-2224 &nbsp;&nbsp; &nbsp;jirb breaks method_added for classes<br></br>
JRUBY-2703 &nbsp;&nbsp; &nbsp;Indexed methods are no longer supported, and options and code related to them should be removed or deprecated.<br></br>
JRUBY-2799 &nbsp;&nbsp; &nbsp;Need some mechanism to call masked java methods (initialize)<br></br>
JRUBY-3156&nbsp; &nbsp;&nbsp;&nbsp; &nbsp;Import of Java classes in "main" object has no effect<br></br>
JRUBY-2198 &nbsp;&nbsp; &nbsp;Array#sort is slower than MRI<br></br>
JRUBY-1489 &nbsp;&nbsp; &nbsp;Adding encapulated parse methods for external uses, such as JSR223 API implementation<br></br>
JRUBY-2602 &nbsp;&nbsp; &nbsp;Lots of Readline::HISTORY rubyspec failures<br></br>
JRUBY-3112 &nbsp;&nbsp; &nbsp;Some Ruby instances are not roundtripping from Ruby to Java and back<br></br>
JRUBY-3210 &nbsp;&nbsp; &nbsp;the ./ behavior with load is not MRI compatible<br></br>
JRUBY-3173 &nbsp;&nbsp; &nbsp;require in 1.1.5 prefers files in the current directory despite loadpath (even with "." removed)<br></br>
JRUBY-3130 &nbsp;&nbsp; &nbsp;JRuby selects wrong static method on Java class<br></br>
JRUBY-3140 &nbsp;&nbsp; &nbsp;Const lookup failures in precompiled specs<br></br>
JRUBY-1476 &nbsp;&nbsp; &nbsp;jruby.home extraction / jar-complete / content mismatch<br></br>
JRUBY-2301 &nbsp;&nbsp; &nbsp;JRuby script would work when java is installed but JAVA_HOME not set<br></br>
JRUBY-2028 &nbsp;&nbsp; &nbsp;LocalJumpError is displayed when a block is invoked in a java thread.<br></br>
JRUBY-2210 &nbsp;&nbsp; &nbsp;permissions on $JRUBY_HOME/lib/ruby/gem/1.8 not wide enough<br></br>
JRUBY-3201 &nbsp;&nbsp; &nbsp;JRubyApplet failing when using TrivialFacade.<br></br>
JRUBY-1133 &nbsp;&nbsp; &nbsp;$KCODE is ignored when multibyte character is used inside regular expression<br></br>
JRUBY-3209 &nbsp;&nbsp; &nbsp;"java -jar jruby-complete.jar -S jirb" does not run if ~/.jruby exists<br></br>
JRUBY-1181 &nbsp;&nbsp; &nbsp;Rake batch file for Windows environments</p>
                </div>
                            <div class="endsection">
                <b>Posted at Dec 04, 2008</b> by
                
                <a href="http://docs.codehaus.org/display/~enebo">Thomas E Enebo</a>                |
                
                                    <a href="http://docs.codehaus.org/display/JRUBY/2008/12/04/JRuby+1.1.6RC1+Released?showComments=true#comments">0 comments</a>
                                            </div>
        </div>
    
<p><br clear="all"></br></p></div></div>
</div>

<div style="text-align: center; width: 100%; padding-top: 1cm;padding-bottom: 1cm">
<script type="text/javascript"><!--
google_ad_client = "pub-5267633279208525";
google_ad_width = 300;
google_ad_height = 250;
google_ad_format = "300x250_as";
//google_ad_channel ="9744516269"; //unity-bottom
google_color_border = "FFFFFF";
google_color_bg = "FFFFFF";
google_color_link = "009900";
google_color_url = "009900";
google_color_text = "000000";
//--></script>
<script type="text/javascript"
  src="http://pagead2.googlesyndication.com/pagead/show_ads.js">
</script>
</div>

</div>

<div id="sidebar">

            <div style="width: 100%; text-align: center">
       <a href="http://codehaus.org/"><img src="http://media.codehaus.org/images/unity-codehaus-logo-only.png" style="border: none;"/></a>   
       </div>
       <!-- Create a page in Confluence called <a href="http://hausmates.codehaus.org/Unity">RightHeader</a> to replace this content -->
     
<div class="navigation">
   <div class="section_1"><h1><a name="Navigation-Overview"></a>Overview</h1>

<ul>
	<li><a href="/Home" title="Home">Home</a></li>
</ul>


</div><div class="section_1"><h1><a name="Navigation-Documentation"></a>Documentation</h1>

<ul>
	<li><a href="http://wiki.jruby.org/wiki/Getting_Started">Getting Started</a></li>
	<li><a href="http://wiki.jruby.org/wiki/Calling_Java_from_JRuby">Java Integration</a></li>
	<li><a href="/Credits" title="Credits">Credits</a></li>
	<li><a href="http://wiki.jruby.org/wiki/FAQs">FAQ</a></li>
	<li><a href="/Tutorials" title="Tutorials">Tutorials</a></li>
</ul>


</div><div class="section_1"><h1><a name="Navigation-Links%2FResources"></a>Links/Resources</h1>

<ul>
	<li><a href="/JRuby+in+the+News" title="JRuby in the News">JRuby in the News</a></li>
	<li><a href="http://wiki.jruby.org">JRuby Wiki</a></li>
</ul>


</div><div class="section_1"><h1><a name="Navigation-Community"></a>Community</h1>

<ul>
	<li><a href="/Blogs" title="Blogs">Blogs</a></li>
</ul>
</div>
 </div>

<h4 class="headerstyle">Feeds</h4>
<ul>
 <li><a class="rss" href="http://docs.codehaus.org/spaces/rss.action?key=JRUBY&amp;newPages=false">Site</a></li>
 <li><a class="rss" href="http://docs.codehaus.org/spaces/blogrss.action?key=JRUBY">News</a></li>
</ul>

<h4 class="headerstyle">Operations</h4>
<ul>
 <li><a class="editPage" href="http://docs.codehaus.org/display/JRUBY/Home?showComments=true&showCommentArea=true#addcomment">Comment</a></li>
 <li><a class="editPage" href="http://docs.codehaus.org/display/JRUBY/Home">View</a></li>
 <li><a class="editPage" href="http://docs.codehaus.org/pages/editpage.action?spaceKey=JRUBY&amp;title=Home">Edit</a></li>
</ul>
<h4 class="headerstyle">Links</h4>
<ul>
 <li><a href="http://atlassian.com/">Atlassian</a>&nbsp;<a href="http://atlassian.com/confluence/">Confluence</a></li>
</ul>
</div>
<div class="clear">&nbsp;</div>
</div>

<div id="footer">&copy; 2006 Codehaus Foundation. Original design by <a href="http://andreasviklund.com" class="credit">Andreas Viklund</a></div>
<script src="http://www.google-analytics.com/urchin.js" type="text/javascript">
</script>
<script type="text/javascript">
_uacct = "UA-150515-1";
urchinTracker();
</script>
</body>
</html>
